<?xml version="1.0" encoding="UTF-8"?>
<coverage generated="1737627764212" clover="3.2.0">
  <project timestamp="1737627764212" name="All files">
    <metrics statements="1010" coveredstatements="820" conditionals="153" coveredconditionals="131" methods="61" coveredmethods="46" elements="1224" coveredelements="997" complexity="0" loc="1010" ncloc="1010" packages="17" files="34" classes="34"/>
    <package name="api">
      <metrics statements="43" coveredstatements="40" conditionals="6" coveredconditionals="5" methods="5" coveredmethods="4"/>
      <file name="api.ts" path="/Users/reijjo/workspace/frontend/projects/Wolt2025/src/api/api.ts">
        <metrics statements="43" coveredstatements="40" conditionals="6" coveredconditionals="5" methods="5" coveredmethods="4"/>
        <line num="1" count="1" type="stmt"/>
        <line num="9" count="1" type="stmt"/>
        <line num="10" count="0" type="stmt"/>
        <line num="11" count="0" type="stmt"/>
        <line num="12" count="0" type="stmt"/>
        <line num="14" count="1" type="cond" truecount="1" falsecount="0"/>
        <line num="15" count="20" type="stmt"/>
        <line num="16" count="20" type="stmt"/>
        <line num="17" count="20" type="stmt"/>
        <line num="18" count="20" type="stmt"/>
        <line num="19" count="20" type="stmt"/>
        <line num="21" count="1" type="cond" truecount="1" falsecount="0"/>
        <line num="22" count="20" type="stmt"/>
        <line num="23" count="20" type="stmt"/>
        <line num="24" count="20" type="stmt"/>
        <line num="25" count="20" type="stmt"/>
        <line num="26" count="20" type="stmt"/>
        <line num="27" count="20" type="stmt"/>
        <line num="28" count="20" type="stmt"/>
        <line num="30" count="1" type="cond" truecount="1" falsecount="0"/>
        <line num="31" count="20" type="stmt"/>
        <line num="32" count="20" type="stmt"/>
        <line num="33" count="20" type="stmt"/>
        <line num="34" count="20" type="stmt"/>
        <line num="35" count="20" type="stmt"/>
        <line num="37" count="1" type="cond" truecount="1" falsecount="0"/>
        <line num="38" count="20" type="stmt"/>
        <line num="39" count="20" type="stmt"/>
        <line num="40" count="20" type="stmt"/>
        <line num="41" count="20" type="stmt"/>
        <line num="42" count="20" type="stmt"/>
        <line num="43" count="20" type="stmt"/>
        <line num="44" count="20" type="stmt"/>
        <line num="45" count="20" type="cond" truecount="1" falsecount="0"/>
        <line num="46" count="100" type="stmt"/>
        <line num="47" count="100" type="stmt"/>
        <line num="48" count="100" type="stmt"/>
        <line num="49" count="100" type="stmt"/>
        <line num="50" count="100" type="stmt"/>
        <line num="51" count="20" type="cond" truecount="0" falsecount="1"/>
        <line num="52" count="20" type="stmt"/>
        <line num="53" count="20" type="stmt"/>
        <line num="54" count="20" type="stmt"/>
      </file>
    </package>
    <package name="components">
      <metrics statements="7" coveredstatements="7" conditionals="0" coveredconditionals="0" methods="0" coveredmethods="0"/>
      <file name="index.ts" path="/Users/reijjo/workspace/frontend/projects/Wolt2025/src/components/index.ts">
        <metrics statements="7" coveredstatements="7" conditionals="0" coveredconditionals="0" methods="0" coveredmethods="0"/>
        <line num="1" count="1" type="stmt"/>
        <line num="2" count="1" type="stmt"/>
        <line num="3" count="1" type="stmt"/>
        <line num="4" count="1" type="stmt"/>
        <line num="6" count="1" type="stmt"/>
        <line num="7" count="1" type="stmt"/>
        <line num="8" count="1" type="stmt"/>
      </file>
    </package>
    <package name="components.common.Button">
      <metrics statements="23" coveredstatements="18" conditionals="1" coveredconditionals="1" methods="2" coveredmethods="1"/>
      <file name="Button.tsx" path="/Users/reijjo/workspace/frontend/projects/Wolt2025/src/components/common/Button/Button.tsx">
        <metrics statements="17" coveredstatements="17" conditionals="1" coveredconditionals="1" methods="1" coveredmethods="1"/>
        <line num="1" count="1" type="stmt"/>
        <line num="13" count="1" type="cond" truecount="1" falsecount="0"/>
        <line num="14" count="316" type="stmt"/>
        <line num="15" count="316" type="stmt"/>
        <line num="16" count="316" type="stmt"/>
        <line num="17" count="316" type="stmt"/>
        <line num="18" count="316" type="stmt"/>
        <line num="19" count="316" type="stmt"/>
        <line num="20" count="316" type="stmt"/>
        <line num="21" count="316" type="stmt"/>
        <line num="22" count="316" type="stmt"/>
        <line num="23" count="316" type="stmt"/>
        <line num="24" count="316" type="stmt"/>
        <line num="25" count="316" type="stmt"/>
        <line num="26" count="316" type="stmt"/>
        <line num="28" count="316" type="stmt"/>
        <line num="29" count="316" type="stmt"/>
      </file>
      <file name="IconButton.tsx" path="/Users/reijjo/workspace/frontend/projects/Wolt2025/src/components/common/Button/IconButton.tsx">
        <metrics statements="6" coveredstatements="1" conditionals="0" coveredconditionals="0" methods="1" coveredmethods="0"/>
        <line num="8" count="1" type="stmt"/>
        <line num="9" count="0" type="stmt"/>
        <line num="10" count="0" type="stmt"/>
        <line num="11" count="0" type="stmt"/>
        <line num="12" count="0" type="stmt"/>
        <line num="14" count="0" type="stmt"/>
      </file>
    </package>
    <package name="components.common.Notification">
      <metrics statements="14" coveredstatements="2" conditionals="0" coveredconditionals="0" methods="1" coveredmethods="0"/>
      <file name="Notification.tsx" path="/Users/reijjo/workspace/frontend/projects/Wolt2025/src/components/common/Notification/Notification.tsx">
        <metrics statements="14" coveredstatements="2" conditionals="0" coveredconditionals="0" methods="1" coveredmethods="0"/>
        <line num="1" count="1" type="stmt"/>
        <line num="11" count="1" type="stmt"/>
        <line num="12" count="0" type="stmt"/>
        <line num="13" count="0" type="stmt"/>
        <line num="14" count="0" type="stmt"/>
        <line num="15" count="0" type="stmt"/>
        <line num="16" count="0" type="stmt"/>
        <line num="17" count="0" type="stmt"/>
        <line num="18" count="0" type="stmt"/>
        <line num="19" count="0" type="stmt"/>
        <line num="20" count="0" type="stmt"/>
        <line num="22" count="0" type="stmt"/>
        <line num="23" count="0" type="stmt"/>
        <line num="25" count="0" type="stmt"/>
      </file>
    </package>
    <package name="components.common.TextInput">
      <metrics statements="30" coveredstatements="30" conditionals="4" coveredconditionals="4" methods="1" coveredmethods="1"/>
      <file name="TextInput.tsx" path="/Users/reijjo/workspace/frontend/projects/Wolt2025/src/components/common/TextInput/TextInput.tsx">
        <metrics statements="30" coveredstatements="30" conditionals="4" coveredconditionals="4" methods="1" coveredmethods="1"/>
        <line num="1" count="1" type="stmt"/>
        <line num="15" count="1" type="cond" truecount="1" falsecount="0"/>
        <line num="16" count="612" type="stmt"/>
        <line num="17" count="612" type="stmt"/>
        <line num="18" count="612" type="stmt"/>
        <line num="19" count="612" type="stmt"/>
        <line num="20" count="612" type="stmt"/>
        <line num="21" count="612" type="stmt"/>
        <line num="22" count="612" type="stmt"/>
        <line num="23" count="612" type="stmt"/>
        <line num="24" count="612" type="stmt"/>
        <line num="25" count="612" type="stmt"/>
        <line num="27" count="612" type="stmt"/>
        <line num="28" count="612" type="stmt"/>
        <line num="29" count="612" type="stmt"/>
        <line num="30" count="612" type="stmt"/>
        <line num="31" count="612" type="stmt"/>
        <line num="32" count="612" type="stmt"/>
        <line num="33" count="612" type="stmt"/>
        <line num="34" count="612" type="stmt"/>
        <line num="35" count="612" type="cond" truecount="2" falsecount="0"/>
        <line num="36" count="612" type="stmt"/>
        <line num="37" count="612" type="stmt"/>
        <line num="38" count="612" type="stmt"/>
        <line num="39" count="612" type="cond" truecount="1" falsecount="0"/>
        <line num="40" count="75" type="stmt"/>
        <line num="41" count="75" type="stmt"/>
        <line num="42" count="75" type="stmt"/>
        <line num="44" count="612" type="stmt"/>
        <line num="46" count="612" type="stmt"/>
      </file>
    </package>
    <package name="components.layout">
      <metrics statements="9" coveredstatements="4" conditionals="0" coveredconditionals="0" methods="1" coveredmethods="0"/>
      <file name="Layout.tsx" path="/Users/reijjo/workspace/frontend/projects/Wolt2025/src/components/layout/Layout.tsx">
        <metrics statements="9" coveredstatements="4" conditionals="0" coveredconditionals="0" methods="1" coveredmethods="0"/>
        <line num="1" count="1" type="stmt"/>
        <line num="3" count="1" type="stmt"/>
        <line num="5" count="1" type="stmt"/>
        <line num="7" count="1" type="stmt"/>
        <line num="8" count="0" type="stmt"/>
        <line num="9" count="0" type="stmt"/>
        <line num="10" count="0" type="stmt"/>
        <line num="11" count="0" type="stmt"/>
        <line num="12" count="0" type="stmt"/>
      </file>
    </package>
    <package name="components.loading">
      <metrics statements="9" coveredstatements="2" conditionals="0" coveredconditionals="0" methods="1" coveredmethods="0"/>
      <file name="Loading.tsx" path="/Users/reijjo/workspace/frontend/projects/Wolt2025/src/components/loading/Loading.tsx">
        <metrics statements="9" coveredstatements="2" conditionals="0" coveredconditionals="0" methods="1" coveredmethods="0"/>
        <line num="1" count="1" type="stmt"/>
        <line num="9" count="1" type="stmt"/>
        <line num="10" count="0" type="stmt"/>
        <line num="11" count="0" type="stmt"/>
        <line num="12" count="0" type="stmt"/>
        <line num="13" count="0" type="stmt"/>
        <line num="14" count="0" type="stmt"/>
        <line num="15" count="0" type="stmt"/>
        <line num="16" count="0" type="stmt"/>
      </file>
    </package>
    <package name="components.modal">
      <metrics statements="64" coveredstatements="60" conditionals="4" coveredconditionals="4" methods="3" coveredmethods="1"/>
      <file name="Modal.tsx" path="/Users/reijjo/workspace/frontend/projects/Wolt2025/src/components/modal/Modal.tsx">
        <metrics statements="64" coveredstatements="60" conditionals="4" coveredconditionals="4" methods="3" coveredmethods="1"/>
        <line num="1" count="1" type="stmt"/>
        <line num="3" count="1" type="stmt"/>
        <line num="5" count="1" type="stmt"/>
        <line num="6" count="1" type="stmt"/>
        <line num="16" count="1" type="cond" truecount="1" falsecount="0"/>
        <line num="17" count="1" type="stmt"/>
        <line num="18" count="1" type="stmt"/>
        <line num="19" count="1" type="stmt"/>
        <line num="20" count="1" type="stmt"/>
        <line num="21" count="1" type="stmt"/>
        <line num="22" count="1" type="stmt"/>
        <line num="23" count="1" type="stmt"/>
        <line num="25" count="1" type="cond" truecount="1" falsecount="0"/>
        <line num="26" count="1" type="stmt"/>
        <line num="27" count="0" type="stmt"/>
        <line num="28" count="0" type="stmt"/>
        <line num="29" count="0" type="stmt"/>
        <line num="30" count="0" type="stmt"/>
        <line num="32" count="1" type="stmt"/>
        <line num="33" count="1" type="cond" truecount="1" falsecount="0"/>
        <line num="34" count="1" type="stmt"/>
        <line num="36" count="1" type="stmt"/>
        <line num="38" count="1" type="cond" truecount="1" falsecount="0"/>
        <line num="39" count="1" type="stmt"/>
        <line num="40" count="1" type="stmt"/>
        <line num="41" count="1" type="stmt"/>
        <line num="43" count="1" type="stmt"/>
        <line num="44" count="1" type="stmt"/>
        <line num="45" count="1" type="stmt"/>
        <line num="46" count="1" type="stmt"/>
        <line num="47" count="1" type="stmt"/>
        <line num="48" count="1" type="stmt"/>
        <line num="50" count="1" type="stmt"/>
        <line num="51" count="1" type="stmt"/>
        <line num="52" count="1" type="stmt"/>
        <line num="53" count="1" type="stmt"/>
        <line num="54" count="1" type="stmt"/>
        <line num="55" count="1" type="stmt"/>
        <line num="56" count="1" type="stmt"/>
        <line num="57" count="1" type="stmt"/>
        <line num="58" count="1" type="stmt"/>
        <line num="59" count="1" type="stmt"/>
        <line num="60" count="1" type="stmt"/>
        <line num="61" count="1" type="stmt"/>
        <line num="62" count="1" type="stmt"/>
        <line num="63" count="1" type="stmt"/>
        <line num="64" count="1" type="stmt"/>
        <line num="65" count="1" type="stmt"/>
        <line num="66" count="1" type="stmt"/>
        <line num="67" count="1" type="stmt"/>
        <line num="68" count="1" type="stmt"/>
        <line num="69" count="1" type="stmt"/>
        <line num="70" count="1" type="stmt"/>
        <line num="71" count="1" type="stmt"/>
        <line num="72" count="1" type="stmt"/>
        <line num="73" count="1" type="stmt"/>
        <line num="74" count="1" type="stmt"/>
        <line num="75" count="1" type="stmt"/>
        <line num="76" count="1" type="stmt"/>
        <line num="77" count="1" type="stmt"/>
        <line num="78" count="1" type="stmt"/>
        <line num="79" count="1" type="stmt"/>
        <line num="80" count="1" type="stmt"/>
        <line num="82" count="1" type="stmt"/>
      </file>
    </package>
    <package name="context">
      <metrics statements="2" coveredstatements="2" conditionals="0" coveredconditionals="0" methods="0" coveredmethods="0"/>
      <file name="index.ts" path="/Users/reijjo/workspace/frontend/projects/Wolt2025/src/context/index.ts">
        <metrics statements="2" coveredstatements="2" conditionals="0" coveredconditionals="0" methods="0" coveredmethods="0"/>
        <line num="1" count="1" type="stmt"/>
        <line num="2" count="1" type="stmt"/>
      </file>
    </package>
    <package name="context.modal">
      <metrics statements="33" coveredstatements="25" conditionals="4" coveredconditionals="2" methods="4" coveredmethods="2"/>
      <file name="ModalContext.ts" path="/Users/reijjo/workspace/frontend/projects/Wolt2025/src/context/modal/ModalContext.ts">
        <metrics statements="11" coveredstatements="9" conditionals="2" coveredconditionals="1" methods="1" coveredmethods="1"/>
        <line num="1" count="1" type="stmt"/>
        <line num="10" count="1" type="stmt"/>
        <line num="11" count="1" type="stmt"/>
        <line num="12" count="1" type="stmt"/>
        <line num="14" count="1" type="cond" truecount="1" falsecount="0"/>
        <line num="15" count="154" type="stmt"/>
        <line num="16" count="154" type="cond" truecount="0" falsecount="1"/>
        <line num="17" count="0" type="stmt"/>
        <line num="18" count="0" type="stmt"/>
        <line num="19" count="154" type="stmt"/>
        <line num="20" count="154" type="stmt"/>
      </file>
      <file name="ModalProvider.tsx" path="/Users/reijjo/workspace/frontend/projects/Wolt2025/src/context/modal/ModalProvider.tsx">
        <metrics statements="20" coveredstatements="14" conditionals="2" coveredconditionals="1" methods="3" coveredmethods="1"/>
        <line num="1" count="1" type="stmt"/>
        <line num="3" count="1" type="stmt"/>
        <line num="9" count="1" type="cond" truecount="1" falsecount="0"/>
        <line num="10" count="31" type="stmt"/>
        <line num="11" count="31" type="stmt"/>
        <line num="13" count="31" type="stmt"/>
        <line num="14" count="0" type="stmt"/>
        <line num="15" count="0" type="stmt"/>
        <line num="16" count="0" type="stmt"/>
        <line num="18" count="31" type="stmt"/>
        <line num="19" count="0" type="stmt"/>
        <line num="20" count="0" type="stmt"/>
        <line num="21" count="0" type="stmt"/>
        <line num="23" count="31" type="stmt"/>
        <line num="24" count="31" type="stmt"/>
        <line num="25" count="31" type="stmt"/>
        <line num="27" count="31" type="stmt"/>
        <line num="28" count="31" type="cond" truecount="0" falsecount="1"/>
        <line num="29" count="31" type="stmt"/>
        <line num="31" count="31" type="stmt"/>
      </file>
      <file name="index.ts" path="/Users/reijjo/workspace/frontend/projects/Wolt2025/src/context/modal/index.ts">
        <metrics statements="2" coveredstatements="2" conditionals="0" coveredconditionals="0" methods="0" coveredmethods="0"/>
        <line num="1" count="1" type="stmt"/>
        <line num="2" count="1" type="stmt"/>
      </file>
    </package>
    <package name="context.price">
      <metrics statements="22" coveredstatements="20" conditionals="3" coveredconditionals="2" methods="2" coveredmethods="2"/>
      <file name="PriceContext.ts" path="/Users/reijjo/workspace/frontend/projects/Wolt2025/src/context/price/PriceContext.ts">
        <metrics statements="11" coveredstatements="9" conditionals="2" coveredconditionals="1" methods="1" coveredmethods="1"/>
        <line num="1" count="1" type="stmt"/>
        <line num="9" count="1" type="stmt"/>
        <line num="10" count="1" type="stmt"/>
        <line num="11" count="1" type="stmt"/>
        <line num="13" count="1" type="cond" truecount="1" falsecount="0"/>
        <line num="14" count="8" type="stmt"/>
        <line num="15" count="8" type="cond" truecount="0" falsecount="1"/>
        <line num="16" count="0" type="stmt"/>
        <line num="17" count="0" type="stmt"/>
        <line num="18" count="8" type="stmt"/>
        <line num="19" count="8" type="stmt"/>
      </file>
      <file name="PriceProvider.tsx" path="/Users/reijjo/workspace/frontend/projects/Wolt2025/src/context/price/PriceProvider.tsx">
        <metrics statements="9" coveredstatements="9" conditionals="1" coveredconditionals="1" methods="1" coveredmethods="1"/>
        <line num="1" count="1" type="stmt"/>
        <line num="4" count="1" type="stmt"/>
        <line num="10" count="1" type="cond" truecount="1" falsecount="0"/>
        <line num="11" count="30" type="stmt"/>
        <line num="13" count="30" type="stmt"/>
        <line num="14" count="30" type="stmt"/>
        <line num="15" count="30" type="stmt"/>
        <line num="16" count="30" type="stmt"/>
        <line num="18" count="30" type="stmt"/>
      </file>
      <file name="index.ts" path="/Users/reijjo/workspace/frontend/projects/Wolt2025/src/context/price/index.ts">
        <metrics statements="2" coveredstatements="2" conditionals="0" coveredconditionals="0" methods="0" coveredmethods="0"/>
        <line num="1" count="1" type="stmt"/>
        <line num="2" count="1" type="stmt"/>
      </file>
    </package>
    <package name="hooks">
      <metrics statements="379" coveredstatements="258" conditionals="75" coveredconditionals="67" methods="28" coveredmethods="23"/>
      <file name="useApi.ts" path="/Users/reijjo/workspace/frontend/projects/Wolt2025/src/hooks/useApi.ts">
        <metrics statements="32" coveredstatements="18" conditionals="5" coveredconditionals="3" methods="4" coveredmethods="3"/>
        <line num="1" count="1" type="stmt"/>
        <line num="3" count="1" type="stmt"/>
        <line num="5" count="1" type="cond" truecount="1" falsecount="0"/>
        <line num="6" count="455" type="cond" truecount="1" falsecount="0"/>
        <line num="7" count="20" type="stmt"/>
        <line num="8" count="20" type="stmt"/>
        <line num="9" count="20" type="stmt"/>
        <line num="10" count="20" type="cond" truecount="0" falsecount="1"/>
        <line num="11" count="0" type="stmt"/>
        <line num="12" count="0" type="stmt"/>
        <line num="13" count="0" type="stmt"/>
        <line num="14" count="20" type="stmt"/>
        <line num="16" count="455" type="cond" truecount="1" falsecount="0"/>
        <line num="17" count="20" type="stmt"/>
        <line num="18" count="20" type="stmt"/>
        <line num="19" count="20" type="stmt"/>
        <line num="20" count="20" type="cond" truecount="0" falsecount="1"/>
        <line num="21" count="0" type="stmt"/>
        <line num="22" count="0" type="stmt"/>
        <line num="23" count="0" type="stmt"/>
        <line num="24" count="20" type="stmt"/>
        <line num="26" count="455" type="stmt"/>
        <line num="27" count="0" type="stmt"/>
        <line num="28" count="0" type="stmt"/>
        <line num="29" count="0" type="stmt"/>
        <line num="30" count="0" type="stmt"/>
        <line num="31" count="0" type="stmt"/>
        <line num="32" count="0" type="stmt"/>
        <line num="33" count="0" type="stmt"/>
        <line num="34" count="0" type="stmt"/>
        <line num="36" count="455" type="stmt"/>
        <line num="37" count="455" type="stmt"/>
      </file>
      <file name="useDetailsForm.tsx" path="/Users/reijjo/workspace/frontend/projects/Wolt2025/src/hooks/useDetailsForm.tsx">
        <metrics statements="52" coveredstatements="41" conditionals="10" coveredconditionals="10" methods="6" coveredmethods="4"/>
        <line num="1" count="1" type="stmt"/>
        <line num="4" count="1" type="stmt"/>
        <line num="16" count="1" type="cond" truecount="1" falsecount="0"/>
        <line num="17" count="153" type="stmt"/>
        <line num="18" count="153" type="stmt"/>
        <line num="20" count="153" type="stmt"/>
        <line num="22" count="153" type="stmt"/>
        <line num="23" count="0" type="stmt"/>
        <line num="24" count="0" type="stmt"/>
        <line num="25" count="0" type="stmt"/>
        <line num="26" count="0" type="stmt"/>
        <line num="27" count="0" type="stmt"/>
        <line num="28" count="0" type="stmt"/>
        <line num="29" count="0" type="stmt"/>
        <line num="30" count="0" type="stmt"/>
        <line num="31" count="0" type="stmt"/>
        <line num="33" count="153" type="stmt"/>
        <line num="34" count="0" type="stmt"/>
        <line num="35" count="0" type="stmt"/>
        <line num="37" count="153" type="cond" truecount="1" falsecount="0"/>
        <line num="38" count="8" type="stmt"/>
        <line num="39" count="8" type="stmt"/>
        <line num="40" count="8" type="stmt"/>
        <line num="42" count="153" type="cond" truecount="1" falsecount="0"/>
        <line num="43" count="2" type="stmt"/>
        <line num="44" count="2" type="cond" truecount="1" falsecount="0"/>
        <line num="45" count="2" type="stmt"/>
        <line num="46" count="2" type="stmt"/>
        <line num="47" count="2" type="stmt"/>
        <line num="48" count="2" type="stmt"/>
        <line num="51" count="153" type="cond" truecount="1" falsecount="0"/>
        <line num="52" count="123" type="stmt"/>
        <line num="53" count="123" type="cond" truecount="1" falsecount="0"/>
        <line num="54" count="112" type="cond" truecount="1" falsecount="0"/>
        <line num="55" count="112" type="stmt"/>
        <line num="56" count="112" type="cond" truecount="1" falsecount="0"/>
        <line num="57" count="112" type="stmt"/>
        <line num="58" count="123" type="cond" truecount="1" falsecount="0"/>
        <line num="59" count="11" type="cond" truecount="1" falsecount="0"/>
        <line num="60" count="11" type="stmt"/>
        <line num="61" count="123" type="stmt"/>
        <line num="63" count="153" type="stmt"/>
        <line num="64" count="153" type="stmt"/>
        <line num="65" count="153" type="stmt"/>
        <line num="66" count="153" type="stmt"/>
        <line num="67" count="153" type="stmt"/>
        <line num="68" count="153" type="stmt"/>
        <line num="69" count="153" type="stmt"/>
        <line num="70" count="153" type="stmt"/>
        <line num="71" count="153" type="stmt"/>
        <line num="72" count="153" type="stmt"/>
        <line num="73" count="153" type="stmt"/>
      </file>
      <file name="useGetLocation.tsx" path="/Users/reijjo/workspace/frontend/projects/Wolt2025/src/hooks/useGetLocation.tsx">
        <metrics statements="55" coveredstatements="5" conditionals="0" coveredconditionals="0" methods="1" coveredmethods="0"/>
        <line num="1" count="1" type="stmt"/>
        <line num="3" count="1" type="stmt"/>
        <line num="4" count="1" type="stmt"/>
        <line num="5" count="1" type="stmt"/>
        <line num="14" count="1" type="stmt"/>
        <line num="15" count="0" type="stmt"/>
        <line num="18" count="0" type="stmt"/>
        <line num="20" count="0" type="stmt"/>
        <line num="21" count="0" type="stmt"/>
        <line num="22" count="0" type="stmt"/>
        <line num="23" count="0" type="stmt"/>
        <line num="24" count="0" type="stmt"/>
        <line num="25" count="0" type="stmt"/>
        <line num="26" count="0" type="stmt"/>
        <line num="28" count="0" type="stmt"/>
        <line num="29" count="0" type="stmt"/>
        <line num="30" count="0" type="stmt"/>
        <line num="31" count="0" type="stmt"/>
        <line num="32" count="0" type="stmt"/>
        <line num="33" count="0" type="stmt"/>
        <line num="34" count="0" type="stmt"/>
        <line num="35" count="0" type="stmt"/>
        <line num="36" count="0" type="stmt"/>
        <line num="37" count="0" type="stmt"/>
        <line num="38" count="0" type="stmt"/>
        <line num="39" count="0" type="stmt"/>
        <line num="40" count="0" type="stmt"/>
        <line num="41" count="0" type="stmt"/>
        <line num="43" count="0" type="stmt"/>
        <line num="44" count="0" type="stmt"/>
        <line num="46" count="0" type="stmt"/>
        <line num="47" count="0" type="stmt"/>
        <line num="48" count="0" type="stmt"/>
        <line num="50" count="0" type="stmt"/>
        <line num="51" count="0" type="stmt"/>
        <line num="52" count="0" type="stmt"/>
        <line num="53" count="0" type="stmt"/>
        <line num="54" count="0" type="stmt"/>
        <line num="55" count="0" type="stmt"/>
        <line num="56" count="0" type="stmt"/>
        <line num="57" count="0" type="stmt"/>
        <line num="58" count="0" type="stmt"/>
        <line num="59" count="0" type="stmt"/>
        <line num="60" count="0" type="stmt"/>
        <line num="61" count="0" type="stmt"/>
        <line num="62" count="0" type="stmt"/>
        <line num="64" count="0" type="stmt"/>
        <line num="65" count="0" type="stmt"/>
        <line num="67" count="0" type="stmt"/>
        <line num="68" count="0" type="stmt"/>
        <line num="69" count="0" type="stmt"/>
        <line num="70" count="0" type="stmt"/>
        <line num="71" count="0" type="stmt"/>
        <line num="72" count="0" type="stmt"/>
        <line num="73" count="0" type="stmt"/>
      </file>
      <file name="useGetPrice.ts" path="/Users/reijjo/workspace/frontend/projects/Wolt2025/src/hooks/useGetPrice.ts">
        <metrics statements="52" coveredstatements="22" conditionals="1" coveredconditionals="1" methods="2" coveredmethods="1"/>
        <line num="3" count="1" type="stmt"/>
        <line num="4" count="1" type="stmt"/>
        <line num="5" count="1" type="stmt"/>
        <line num="7" count="1" type="stmt"/>
        <line num="8" count="1" type="stmt"/>
        <line num="23" count="1" type="cond" truecount="1" falsecount="0"/>
        <line num="24" count="153" type="stmt"/>
        <line num="25" count="153" type="stmt"/>
        <line num="26" count="153" type="stmt"/>
        <line num="27" count="153" type="stmt"/>
        <line num="28" count="153" type="stmt"/>
        <line num="29" count="153" type="stmt"/>
        <line num="30" count="153" type="stmt"/>
        <line num="31" count="153" type="stmt"/>
        <line num="32" count="153" type="stmt"/>
        <line num="33" count="153" type="stmt"/>
        <line num="34" count="153" type="stmt"/>
        <line num="36" count="153" type="stmt"/>
        <line num="37" count="0" type="stmt"/>
        <line num="39" count="0" type="stmt"/>
        <line num="40" count="0" type="stmt"/>
        <line num="41" count="0" type="stmt"/>
        <line num="42" count="0" type="stmt"/>
        <line num="43" count="0" type="stmt"/>
        <line num="44" count="0" type="stmt"/>
        <line num="46" count="0" type="stmt"/>
        <line num="47" count="0" type="stmt"/>
        <line num="48" count="0" type="stmt"/>
        <line num="50" count="0" type="stmt"/>
        <line num="51" count="0" type="stmt"/>
        <line num="52" count="0" type="stmt"/>
        <line num="53" count="0" type="stmt"/>
        <line num="55" count="0" type="stmt"/>
        <line num="56" count="0" type="stmt"/>
        <line num="57" count="0" type="stmt"/>
        <line num="58" count="0" type="stmt"/>
        <line num="60" count="0" type="stmt"/>
        <line num="61" count="0" type="stmt"/>
        <line num="62" count="0" type="stmt"/>
        <line num="63" count="0" type="stmt"/>
        <line num="64" count="0" type="stmt"/>
        <line num="65" count="0" type="stmt"/>
        <line num="66" count="0" type="stmt"/>
        <line num="67" count="0" type="stmt"/>
        <line num="68" count="0" type="stmt"/>
        <line num="69" count="0" type="stmt"/>
        <line num="70" count="0" type="stmt"/>
        <line num="71" count="0" type="stmt"/>
        <line num="73" count="153" type="stmt"/>
        <line num="74" count="153" type="stmt"/>
        <line num="75" count="153" type="stmt"/>
        <line num="76" count="153" type="stmt"/>
      </file>
      <file name="usePriceCalculations.ts" path="/Users/reijjo/workspace/frontend/projects/Wolt2025/src/hooks/usePriceCalculations.ts">
        <metrics statements="87" coveredstatements="75" conditionals="15" coveredconditionals="12" methods="3" coveredmethods="3"/>
        <line num="1" count="1" type="stmt"/>
        <line num="3" count="1" type="stmt"/>
        <line num="5" count="1" type="stmt"/>
        <line num="7" count="1" type="stmt"/>
        <line num="8" count="1" type="stmt"/>
        <line num="10" count="1" type="cond" truecount="1" falsecount="0"/>
        <line num="11" count="154" type="stmt"/>
        <line num="12" count="154" type="stmt"/>
        <line num="13" count="154" type="stmt"/>
        <line num="14" count="154" type="stmt"/>
        <line num="15" count="154" type="stmt"/>
        <line num="16" count="154" type="stmt"/>
        <line num="17" count="154" type="stmt"/>
        <line num="19" count="154" type="cond" truecount="1" falsecount="0"/>
        <line num="20" count="19" type="stmt"/>
        <line num="21" count="19" type="stmt"/>
        <line num="22" count="19" type="stmt"/>
        <line num="23" count="19" type="stmt"/>
        <line num="25" count="19" type="cond" truecount="0" falsecount="1"/>
        <line num="26" count="0" type="stmt"/>
        <line num="27" count="0" type="stmt"/>
        <line num="28" count="0" type="stmt"/>
        <line num="29" count="0" type="stmt"/>
        <line num="30" count="0" type="stmt"/>
        <line num="31" count="0" type="stmt"/>
        <line num="32" count="0" type="stmt"/>
        <line num="34" count="19" type="stmt"/>
        <line num="35" count="19" type="stmt"/>
        <line num="37" count="19" type="stmt"/>
        <line num="38" count="19" type="stmt"/>
        <line num="39" count="19" type="stmt"/>
        <line num="40" count="19" type="stmt"/>
        <line num="41" count="19" type="stmt"/>
        <line num="42" count="19" type="stmt"/>
        <line num="43" count="19" type="stmt"/>
        <line num="44" count="19" type="stmt"/>
        <line num="45" count="19" type="stmt"/>
        <line num="46" count="19" type="stmt"/>
        <line num="48" count="19" type="stmt"/>
        <line num="49" count="19" type="stmt"/>
        <line num="51" count="154" type="cond" truecount="1" falsecount="0"/>
        <line num="52" count="15" type="stmt"/>
        <line num="53" count="15" type="stmt"/>
        <line num="54" count="15" type="stmt"/>
        <line num="55" count="15" type="stmt"/>
        <line num="56" count="15" type="cond" truecount="0" falsecount="1"/>
        <line num="57" count="0" type="stmt"/>
        <line num="58" count="0" type="stmt"/>
        <line num="59" count="0" type="stmt"/>
        <line num="61" count="15" type="stmt"/>
        <line num="62" count="15" type="stmt"/>
        <line num="63" count="15" type="stmt"/>
        <line num="65" count="15" type="stmt"/>
        <line num="66" count="15" type="cond" truecount="1" falsecount="0"/>
        <line num="67" count="41" type="cond" truecount="2" falsecount="0"/>
        <line num="68" count="15" type="stmt"/>
        <line num="70" count="15" type="cond" truecount="1" falsecount="0"/>
        <line num="71" count="1" type="stmt"/>
        <line num="72" count="1" type="stmt"/>
        <line num="73" count="1" type="cond" truecount="1" falsecount="0"/>
        <line num="75" count="15" type="cond" truecount="2" falsecount="0"/>
        <line num="76" count="2" type="stmt"/>
        <line num="77" count="2" type="stmt"/>
        <line num="78" count="2" type="cond" truecount="1" falsecount="0"/>
        <line num="80" count="12" type="stmt"/>
        <line num="81" count="12" type="stmt"/>
        <line num="83" count="12" type="stmt"/>
        <line num="85" count="12" type="stmt"/>
        <line num="86" count="12" type="stmt"/>
        <line num="87" count="12" type="stmt"/>
        <line num="88" count="12" type="stmt"/>
        <line num="89" count="12" type="stmt"/>
        <line num="90" count="12" type="stmt"/>
        <line num="91" count="12" type="stmt"/>
        <line num="93" count="15" type="cond" truecount="0" falsecount="1"/>
        <line num="94" count="0" type="stmt"/>
        <line num="95" count="0" type="cond" truecount="1" falsecount="0"/>
        <line num="97" count="12" type="stmt"/>
        <line num="98" count="12" type="stmt"/>
        <line num="99" count="15" type="stmt"/>
        <line num="101" count="154" type="stmt"/>
        <line num="102" count="154" type="stmt"/>
        <line num="103" count="154" type="stmt"/>
        <line num="104" count="154" type="stmt"/>
        <line num="105" count="154" type="stmt"/>
        <line num="106" count="154" type="stmt"/>
        <line num="107" count="154" type="stmt"/>
      </file>
      <file name="useScreenWidth.ts" path="/Users/reijjo/workspace/frontend/projects/Wolt2025/src/hooks/useScreenWidth.ts">
        <metrics statements="13" coveredstatements="13" conditionals="4" coveredconditionals="4" methods="2" coveredmethods="2"/>
        <line num="2" count="1" type="stmt"/>
        <line num="4" count="1" type="cond" truecount="1" falsecount="0"/>
        <line num="5" count="158" type="stmt"/>
        <line num="7" count="158" type="cond" truecount="1" falsecount="0"/>
        <line num="8" count="30" type="cond" truecount="1" falsecount="0"/>
        <line num="9" count="30" type="stmt"/>
        <line num="10" count="30" type="stmt"/>
        <line num="12" count="30" type="stmt"/>
        <line num="14" count="30" type="stmt"/>
        <line num="16" count="30" type="cond" truecount="1" falsecount="0"/>
        <line num="17" count="158" type="stmt"/>
        <line num="19" count="158" type="stmt"/>
        <line num="20" count="158" type="stmt"/>
      </file>
      <file name="useValidInputs.ts" path="/Users/reijjo/workspace/frontend/projects/Wolt2025/src/hooks/useValidInputs.ts">
        <metrics statements="88" coveredstatements="84" conditionals="40" coveredconditionals="37" methods="10" coveredmethods="10"/>
        <line num="1" count="1" type="stmt"/>
        <line num="3" count="1" type="cond" truecount="1" falsecount="0"/>
        <line num="4" count="469" type="cond" truecount="1" falsecount="0"/>
        <line num="5" count="262" type="stmt"/>
        <line num="6" count="262" type="stmt"/>
        <line num="8" count="469" type="cond" truecount="1" falsecount="0"/>
        <line num="9" count="131" type="stmt"/>
        <line num="10" count="131" type="stmt"/>
        <line num="12" count="469" type="cond" truecount="1" falsecount="0"/>
        <line num="13" count="128" type="stmt"/>
        <line num="14" count="128" type="cond" truecount="2" falsecount="0"/>
        <line num="15" count="128" type="stmt"/>
        <line num="17" count="469" type="cond" truecount="1" falsecount="0"/>
        <line num="18" count="130" type="cond" truecount="1" falsecount="0"/>
        <line num="19" count="130" type="stmt"/>
        <line num="21" count="469" type="cond" truecount="1" falsecount="0"/>
        <line num="22" count="131" type="stmt"/>
        <line num="23" count="131" type="stmt"/>
        <line num="25" count="469" type="cond" truecount="1" falsecount="0"/>
        <line num="26" count="20" type="stmt"/>
        <line num="27" count="20" type="stmt"/>
        <line num="28" count="20" type="cond" truecount="1" falsecount="0"/>
        <line num="29" count="17" type="cond" truecount="1" falsecount="0"/>
        <line num="30" count="17" type="cond" truecount="1" falsecount="0"/>
        <line num="31" count="16" type="cond" truecount="1" falsecount="0"/>
        <line num="32" count="16" type="cond" truecount="1" falsecount="0"/>
        <line num="33" count="16" type="cond" truecount="1" falsecount="0"/>
        <line num="34" count="16" type="cond" truecount="1" falsecount="0"/>
        <line num="35" count="16" type="cond" truecount="1" falsecount="0"/>
        <line num="36" count="16" type="cond" truecount="1" falsecount="0"/>
        <line num="37" count="16" type="cond" truecount="1" falsecount="0"/>
        <line num="38" count="16" type="stmt"/>
        <line num="40" count="20" type="stmt"/>
        <line num="42" count="469" type="cond" truecount="1" falsecount="0"/>
        <line num="43" count="262" type="stmt"/>
        <line num="44" count="262" type="stmt"/>
        <line num="46" count="469" type="cond" truecount="1" falsecount="0"/>
        <line num="47" count="207" type="stmt"/>
        <line num="48" count="207" type="stmt"/>
        <line num="49" count="207" type="stmt"/>
        <line num="51" count="469" type="cond" truecount="1" falsecount="0"/>
        <line num="52" count="131" type="stmt"/>
        <line num="54" count="131" type="cond" truecount="1" falsecount="0"/>
        <line num="55" count="1" type="stmt"/>
        <line num="56" count="1" type="cond" truecount="1" falsecount="0"/>
        <line num="57" count="130" type="cond" truecount="1" falsecount="0"/>
        <line num="58" count="83" type="stmt"/>
        <line num="59" count="130" type="cond" truecount="1" falsecount="0"/>
        <line num="60" count="83" type="stmt"/>
        <line num="61" count="83" type="stmt"/>
        <line num="63" count="131" type="stmt"/>
        <line num="64" count="131" type="cond" truecount="1" falsecount="0"/>
        <line num="65" count="3" type="stmt"/>
        <line num="66" count="131" type="cond" truecount="2" falsecount="0"/>
        <line num="67" count="6" type="stmt"/>
        <line num="68" count="128" type="cond" truecount="2" falsecount="0"/>
        <line num="69" count="87" type="stmt"/>
        <line num="70" count="122" type="cond" truecount="1" falsecount="1"/>
        <line num="71" count="0" type="stmt"/>
        <line num="72" count="35" type="stmt"/>
        <line num="73" count="35" type="stmt"/>
        <line num="74" count="35" type="cond" truecount="0" falsecount="1"/>
        <line num="75" count="0" type="stmt"/>
        <line num="76" count="0" type="stmt"/>
        <line num="77" count="35" type="stmt"/>
        <line num="79" count="131" type="stmt"/>
        <line num="80" count="131" type="cond" truecount="1" falsecount="0"/>
        <line num="81" count="1" type="stmt"/>
        <line num="82" count="131" type="cond" truecount="2" falsecount="0"/>
        <line num="83" count="2" type="stmt"/>
        <line num="84" count="2" type="stmt"/>
        <line num="86" count="131" type="stmt"/>
        <line num="87" count="131" type="cond" truecount="0" falsecount="1"/>
        <line num="88" count="0" type="stmt"/>
        <line num="89" count="131" type="cond" truecount="1" falsecount="0"/>
        <line num="90" count="1" type="stmt"/>
        <line num="91" count="1" type="stmt"/>
        <line num="93" count="131" type="stmt"/>
        <line num="94" count="131" type="stmt"/>
        <line num="95" count="131" type="stmt"/>
        <line num="96" count="131" type="stmt"/>
        <line num="97" count="131" type="stmt"/>
        <line num="99" count="469" type="stmt"/>
        <line num="100" count="469" type="stmt"/>
        <line num="101" count="469" type="stmt"/>
        <line num="102" count="469" type="stmt"/>
        <line num="103" count="469" type="stmt"/>
        <line num="104" count="469" type="stmt"/>
      </file>
    </package>
    <package name="pages.homepage">
      <metrics statements="19" coveredstatements="19" conditionals="3" coveredconditionals="1" methods="1" coveredmethods="1"/>
      <file name="Home.tsx" path="/Users/reijjo/workspace/frontend/projects/Wolt2025/src/pages/homepage/Home.tsx">
        <metrics statements="19" coveredstatements="19" conditionals="3" coveredconditionals="1" methods="1" coveredmethods="1"/>
        <line num="1" count="1" type="stmt"/>
        <line num="3" count="1" type="stmt"/>
        <line num="4" count="1" type="stmt"/>
        <line num="5" count="1" type="stmt"/>
        <line num="7" count="1" type="cond" truecount="1" falsecount="0"/>
        <line num="8" count="2" type="stmt"/>
        <line num="9" count="2" type="stmt"/>
        <line num="11" count="2" type="stmt"/>
        <line num="12" count="2" type="stmt"/>
        <line num="13" count="2" type="stmt"/>
        <line num="14" count="2" type="cond" truecount="0" falsecount="1"/>
        <line num="15" count="2" type="stmt"/>
        <line num="16" count="2" type="stmt"/>
        <line num="17" count="2" type="cond" truecount="0" falsecount="1"/>
        <line num="18" count="2" type="stmt"/>
        <line num="19" count="2" type="stmt"/>
        <line num="20" count="2" type="stmt"/>
        <line num="21" count="2" type="stmt"/>
        <line num="23" count="2" type="stmt"/>
      </file>
    </package>
    <package name="pages.homepage.DetailsForm">
      <metrics statements="216" coveredstatements="195" conditionals="32" coveredconditionals="26" methods="4" coveredmethods="4"/>
      <file name="DetailsForm.tsx" path="/Users/reijjo/workspace/frontend/projects/Wolt2025/src/pages/homepage/DetailsForm/DetailsForm.tsx">
        <metrics statements="89" coveredstatements="78" conditionals="7" coveredconditionals="4" methods="2" coveredmethods="2"/>
        <line num="1" count="1" type="stmt"/>
        <line num="3" count="1" type="stmt"/>
        <line num="5" count="1" type="stmt"/>
        <line num="6" count="1" type="stmt"/>
        <line num="7" count="1" type="stmt"/>
        <line num="8" count="1" type="stmt"/>
        <line num="9" count="1" type="stmt"/>
        <line num="10" count="1" type="stmt"/>
        <line num="11" count="1" type="stmt"/>
        <line num="12" count="1" type="stmt"/>
        <line num="13" count="1" type="stmt"/>
        <line num="14" count="1" type="stmt"/>
        <line num="16" count="1" type="cond" truecount="1" falsecount="0"/>
        <line num="17" count="153" type="stmt"/>
        <line num="18" count="153" type="stmt"/>
        <line num="20" count="153" type="stmt"/>
        <line num="21" count="153" type="stmt"/>
        <line num="22" count="153" type="stmt"/>
        <line num="23" count="153" type="stmt"/>
        <line num="24" count="153" type="stmt"/>
        <line num="25" count="153" type="stmt"/>
        <line num="26" count="153" type="stmt"/>
        <line num="27" count="153" type="stmt"/>
        <line num="28" count="153" type="stmt"/>
        <line num="29" count="153" type="stmt"/>
        <line num="30" count="153" type="stmt"/>
        <line num="31" count="153" type="stmt"/>
        <line num="32" count="153" type="stmt"/>
        <line num="33" count="153" type="stmt"/>
        <line num="34" count="153" type="stmt"/>
        <line num="35" count="153" type="stmt"/>
        <line num="36" count="153" type="stmt"/>
        <line num="37" count="153" type="stmt"/>
        <line num="38" count="153" type="stmt"/>
        <line num="39" count="153" type="stmt"/>
        <line num="40" count="153" type="stmt"/>
        <line num="41" count="153" type="stmt"/>
        <line num="42" count="153" type="stmt"/>
        <line num="44" count="153" type="cond" truecount="1" falsecount="0"/>
        <line num="45" count="153" type="cond" truecount="0" falsecount="1"/>
        <line num="46" count="0" type="stmt"/>
        <line num="47" count="0" type="stmt"/>
        <line num="48" count="0" type="stmt"/>
        <line num="49" count="0" type="stmt"/>
        <line num="50" count="153" type="stmt"/>
        <line num="52" count="153" type="cond" truecount="1" falsecount="0"/>
        <line num="53" count="115" type="stmt"/>
        <line num="54" count="115" type="cond" truecount="1" falsecount="0"/>
        <line num="55" count="115" type="stmt"/>
        <line num="56" count="115" type="stmt"/>
        <line num="58" count="153" type="stmt"/>
        <line num="59" count="153" type="stmt"/>
        <line num="60" count="153" type="stmt"/>
        <line num="61" count="153" type="stmt"/>
        <line num="62" count="153" type="stmt"/>
        <line num="63" count="153" type="stmt"/>
        <line num="65" count="153" type="stmt"/>
        <line num="66" count="153" type="stmt"/>
        <line num="67" count="153" type="stmt"/>
        <line num="68" count="153" type="stmt"/>
        <line num="69" count="153" type="stmt"/>
        <line num="70" count="153" type="stmt"/>
        <line num="71" count="153" type="stmt"/>
        <line num="73" count="153" type="stmt"/>
        <line num="74" count="153" type="cond" truecount="0" falsecount="1"/>
        <line num="76" count="153" type="stmt"/>
        <line num="78" count="153" type="stmt"/>
        <line num="80" count="153" type="stmt"/>
        <line num="81" count="153" type="stmt"/>
        <line num="82" count="153" type="stmt"/>
        <line num="83" count="153" type="stmt"/>
        <line num="84" count="153" type="stmt"/>
        <line num="85" count="153" type="stmt"/>
        <line num="86" count="153" type="stmt"/>
        <line num="87" count="153" type="cond" truecount="0" falsecount="1"/>
        <line num="88" count="0" type="stmt"/>
        <line num="89" count="0" type="stmt"/>
        <line num="90" count="0" type="stmt"/>
        <line num="91" count="0" type="stmt"/>
        <line num="92" count="0" type="stmt"/>
        <line num="93" count="0" type="stmt"/>
        <line num="94" count="0" type="stmt"/>
        <line num="96" count="153" type="stmt"/>
        <line num="97" count="153" type="stmt"/>
        <line num="98" count="153" type="stmt"/>
        <line num="99" count="153" type="stmt"/>
        <line num="100" count="153" type="stmt"/>
        <line num="101" count="153" type="stmt"/>
        <line num="103" count="153" type="stmt"/>
      </file>
      <file name="FormButtons.tsx" path="/Users/reijjo/workspace/frontend/projects/Wolt2025/src/pages/homepage/DetailsForm/FormButtons.tsx">
        <metrics statements="52" coveredstatements="42" conditionals="7" coveredconditionals="6" methods="1" coveredmethods="1"/>
        <line num="3" count="1" type="stmt"/>
        <line num="4" count="1" type="stmt"/>
        <line num="5" count="1" type="stmt"/>
        <line num="13" count="1" type="cond" truecount="1" falsecount="0"/>
        <line num="14" count="158" type="stmt"/>
        <line num="15" count="158" type="stmt"/>
        <line num="16" count="158" type="stmt"/>
        <line num="17" count="158" type="stmt"/>
        <line num="19" count="158" type="stmt"/>
        <line num="20" count="158" type="cond" truecount="1" falsecount="0"/>
        <line num="21" count="25" type="cond" truecount="1" falsecount="0"/>
        <line num="22" count="7" type="cond" truecount="1" falsecount="0"/>
        <line num="23" count="7" type="stmt"/>
        <line num="25" count="158" type="stmt"/>
        <line num="26" count="158" type="stmt"/>
        <line num="27" count="158" type="stmt"/>
        <line num="28" count="158" type="stmt"/>
        <line num="29" count="158" type="stmt"/>
        <line num="31" count="158" type="cond" truecount="0" falsecount="1"/>
        <line num="32" count="0" type="stmt"/>
        <line num="33" count="0" type="stmt"/>
        <line num="34" count="0" type="stmt"/>
        <line num="35" count="0" type="stmt"/>
        <line num="36" count="0" type="stmt"/>
        <line num="37" count="0" type="stmt"/>
        <line num="38" count="0" type="stmt"/>
        <line num="39" count="0" type="stmt"/>
        <line num="40" count="0" type="stmt"/>
        <line num="41" count="0" type="stmt"/>
        <line num="43" count="158" type="stmt"/>
        <line num="44" count="158" type="stmt"/>
        <line num="45" count="158" type="stmt"/>
        <line num="46" count="158" type="stmt"/>
        <line num="47" count="158" type="stmt"/>
        <line num="48" count="158" type="stmt"/>
        <line num="49" count="158" type="stmt"/>
        <line num="50" count="158" type="stmt"/>
        <line num="51" count="158" type="stmt"/>
        <line num="52" count="158" type="stmt"/>
        <line num="54" count="158" type="stmt"/>
        <line num="55" count="158" type="stmt"/>
        <line num="56" count="158" type="stmt"/>
        <line num="57" count="158" type="stmt"/>
        <line num="58" count="158" type="stmt"/>
        <line num="59" count="158" type="stmt"/>
        <line num="60" count="158" type="stmt"/>
        <line num="61" count="158" type="stmt"/>
        <line num="62" count="158" type="stmt"/>
        <line num="63" count="158" type="cond" truecount="2" falsecount="0"/>
        <line num="65" count="158" type="stmt"/>
        <line num="66" count="158" type="stmt"/>
        <line num="68" count="158" type="stmt"/>
      </file>
      <file name="FormInputs.tsx" path="/Users/reijjo/workspace/frontend/projects/Wolt2025/src/pages/homepage/DetailsForm/FormInputs.tsx">
        <metrics statements="75" coveredstatements="75" conditionals="18" coveredconditionals="16" methods="1" coveredmethods="1"/>
        <line num="1" count="1" type="stmt"/>
        <line num="12" count="1" type="cond" truecount="1" falsecount="0"/>
        <line num="13" count="153" type="stmt"/>
        <line num="14" count="153" type="stmt"/>
        <line num="15" count="153" type="stmt"/>
        <line num="16" count="153" type="stmt"/>
        <line num="17" count="153" type="stmt"/>
        <line num="18" count="153" type="stmt"/>
        <line num="19" count="153" type="stmt"/>
        <line num="20" count="153" type="stmt"/>
        <line num="21" count="153" type="stmt"/>
        <line num="22" count="153" type="stmt"/>
        <line num="23" count="153" type="stmt"/>
        <line num="24" count="153" type="stmt"/>
        <line num="25" count="153" type="stmt"/>
        <line num="26" count="153" type="stmt"/>
        <line num="27" count="153" type="stmt"/>
        <line num="28" count="153" type="stmt"/>
        <line num="29" count="153" type="stmt"/>
        <line num="30" count="153" type="stmt"/>
        <line num="31" count="153" type="stmt"/>
        <line num="32" count="153" type="stmt"/>
        <line num="33" count="153" type="cond" truecount="2" falsecount="0"/>
        <line num="34" count="153" type="cond" truecount="2" falsecount="0"/>
        <line num="35" count="153" type="stmt"/>
        <line num="36" count="153" type="stmt"/>
        <line num="37" count="153" type="stmt"/>
        <line num="38" count="153" type="stmt"/>
        <line num="39" count="153" type="stmt"/>
        <line num="40" count="153" type="stmt"/>
        <line num="41" count="153" type="stmt"/>
        <line num="42" count="153" type="stmt"/>
        <line num="43" count="153" type="cond" truecount="1" falsecount="0"/>
        <line num="44" count="153" type="stmt"/>
        <line num="45" count="153" type="stmt"/>
        <line num="46" count="153" type="stmt"/>
        <line num="47" count="153" type="stmt"/>
        <line num="48" count="153" type="cond" truecount="2" falsecount="0"/>
        <line num="49" count="153" type="cond" truecount="2" falsecount="0"/>
        <line num="50" count="153" type="stmt"/>
        <line num="51" count="153" type="stmt"/>
        <line num="52" count="153" type="stmt"/>
        <line num="53" count="153" type="stmt"/>
        <line num="54" count="153" type="stmt"/>
        <line num="55" count="153" type="stmt"/>
        <line num="56" count="153" type="stmt"/>
        <line num="57" count="153" type="stmt"/>
        <line num="58" count="153" type="stmt"/>
        <line num="59" count="153" type="cond" truecount="1" falsecount="0"/>
        <line num="60" count="153" type="stmt"/>
        <line num="61" count="153" type="stmt"/>
        <line num="62" count="153" type="stmt"/>
        <line num="63" count="153" type="stmt"/>
        <line num="64" count="153" type="stmt"/>
        <line num="65" count="153" type="cond" truecount="2" falsecount="0"/>
        <line num="66" count="153" type="cond" truecount="2" falsecount="0"/>
        <line num="67" count="153" type="stmt"/>
        <line num="68" count="153" type="stmt"/>
        <line num="69" count="153" type="stmt"/>
        <line num="70" count="153" type="stmt"/>
        <line num="71" count="153" type="stmt"/>
        <line num="72" count="153" type="stmt"/>
        <line num="73" count="153" type="stmt"/>
        <line num="74" count="153" type="cond" truecount="1" falsecount="0"/>
        <line num="75" count="153" type="stmt"/>
        <line num="76" count="153" type="stmt"/>
        <line num="77" count="153" type="stmt"/>
        <line num="78" count="153" type="stmt"/>
        <line num="79" count="153" type="stmt"/>
        <line num="80" count="153" type="cond" truecount="0" falsecount="1"/>
        <line num="81" count="153" type="cond" truecount="0" falsecount="1"/>
        <line num="82" count="153" type="stmt"/>
        <line num="83" count="153" type="stmt"/>
        <line num="84" count="153" type="stmt"/>
        <line num="86" count="153" type="stmt"/>
      </file>
    </package>
    <package name="pages.homepage.PriceBreakdown">
      <metrics statements="56" coveredstatements="54" conditionals="4" coveredconditionals="4" methods="2" coveredmethods="1"/>
      <file name="PriceBreakdown.tsx" path="/Users/reijjo/workspace/frontend/projects/Wolt2025/src/pages/homepage/PriceBreakdown/PriceBreakdown.tsx">
        <metrics statements="56" coveredstatements="54" conditionals="4" coveredconditionals="4" methods="2" coveredmethods="1"/>
        <line num="1" count="1" type="stmt"/>
        <line num="3" count="1" type="stmt"/>
        <line num="4" count="1" type="stmt"/>
        <line num="5" count="1" type="stmt"/>
        <line num="6" count="1" type="stmt"/>
        <line num="7" count="1" type="stmt"/>
        <line num="9" count="1" type="cond" truecount="1" falsecount="0"/>
        <line num="10" count="8" type="stmt"/>
        <line num="11" count="8" type="stmt"/>
        <line num="13" count="8" type="cond" truecount="2" falsecount="0"/>
        <line num="15" count="8" type="stmt"/>
        <line num="16" count="0" type="stmt"/>
        <line num="17" count="0" type="stmt"/>
        <line num="19" count="8" type="stmt"/>
        <line num="20" count="8" type="stmt"/>
        <line num="21" count="8" type="stmt"/>
        <line num="22" count="8" type="stmt"/>
        <line num="23" count="8" type="stmt"/>
        <line num="25" count="8" type="stmt"/>
        <line num="26" count="8" type="stmt"/>
        <line num="27" count="8" type="stmt"/>
        <line num="29" count="8" type="stmt"/>
        <line num="30" count="8" type="stmt"/>
        <line num="32" count="8" type="stmt"/>
        <line num="33" count="8" type="stmt"/>
        <line num="34" count="8" type="stmt"/>
        <line num="35" count="8" type="stmt"/>
        <line num="36" count="8" type="stmt"/>
        <line num="38" count="8" type="stmt"/>
        <line num="39" count="8" type="stmt"/>
        <line num="40" count="8" type="stmt"/>
        <line num="41" count="8" type="cond" truecount="1" falsecount="0"/>
        <line num="42" count="40" type="stmt"/>
        <line num="43" count="40" type="stmt"/>
        <line num="44" count="40" type="stmt"/>
        <line num="45" count="40" type="stmt"/>
        <line num="46" count="40" type="stmt"/>
        <line num="47" count="40" type="stmt"/>
        <line num="49" count="40" type="stmt"/>
        <line num="50" count="40" type="stmt"/>
        <line num="51" count="40" type="stmt"/>
        <line num="52" count="40" type="stmt"/>
        <line num="54" count="40" type="stmt"/>
        <line num="55" count="40" type="stmt"/>
        <line num="56" count="40" type="stmt"/>
        <line num="57" count="8" type="stmt"/>
        <line num="58" count="8" type="stmt"/>
        <line num="59" count="8" type="stmt"/>
        <line num="60" count="8" type="stmt"/>
        <line num="61" count="8" type="stmt"/>
        <line num="62" count="8" type="stmt"/>
        <line num="63" count="8" type="stmt"/>
        <line num="64" count="8" type="stmt"/>
        <line num="65" count="8" type="stmt"/>
        <line num="66" count="8" type="stmt"/>
        <line num="68" count="8" type="stmt"/>
      </file>
    </package>
    <package name="tests">
      <metrics statements="35" coveredstatements="35" conditionals="4" coveredconditionals="2" methods="2" coveredmethods="2"/>
      <file name="mockData.ts" path="/Users/reijjo/workspace/frontend/projects/Wolt2025/src/tests/mockData.ts">
        <metrics statements="17" coveredstatements="17" conditionals="0" coveredconditionals="0" methods="0" coveredmethods="0"/>
        <line num="1" count="1" type="stmt"/>
        <line num="2" count="1" type="stmt"/>
        <line num="3" count="1" type="stmt"/>
        <line num="4" count="1" type="stmt"/>
        <line num="5" count="1" type="stmt"/>
        <line num="6" count="1" type="stmt"/>
        <line num="7" count="1" type="stmt"/>
        <line num="8" count="1" type="stmt"/>
        <line num="9" count="1" type="stmt"/>
        <line num="10" count="1" type="stmt"/>
        <line num="11" count="1" type="stmt"/>
        <line num="12" count="1" type="stmt"/>
        <line num="13" count="1" type="stmt"/>
        <line num="15" count="1" type="stmt"/>
        <line num="16" count="1" type="stmt"/>
        <line num="17" count="1" type="stmt"/>
        <line num="18" count="1" type="stmt"/>
      </file>
      <file name="utils.ts" path="/Users/reijjo/workspace/frontend/projects/Wolt2025/src/tests/utils.ts">
        <metrics statements="18" coveredstatements="18" conditionals="4" coveredconditionals="2" methods="2" coveredmethods="2"/>
        <line num="1" count="1" type="stmt"/>
        <line num="5" count="1" type="cond" truecount="1" falsecount="0"/>
        <line num="6" count="27" type="stmt"/>
        <line num="7" count="27" type="stmt"/>
        <line num="9" count="1" type="cond" truecount="1" falsecount="0"/>
        <line num="10" count="5" type="stmt"/>
        <line num="11" count="5" type="cond" truecount="0" falsecount="1"/>
        <line num="13" count="5" type="stmt"/>
        <line num="14" count="5" type="stmt"/>
        <line num="15" count="5" type="stmt"/>
        <line num="16" count="5" type="cond" truecount="0" falsecount="1"/>
        <line num="17" count="5" type="stmt"/>
        <line num="19" count="1" type="stmt"/>
        <line num="20" count="1" type="stmt"/>
        <line num="21" count="1" type="stmt"/>
        <line num="22" count="1" type="stmt"/>
        <line num="23" count="1" type="stmt"/>
        <line num="24" count="1" type="stmt"/>
      </file>
    </package>
    <package name="utils">
      <metrics statements="49" coveredstatements="49" conditionals="13" coveredconditionals="13" methods="4" coveredmethods="4"/>
      <file name="defaults.ts" path="/Users/reijjo/workspace/frontend/projects/Wolt2025/src/utils/defaults.ts">
        <metrics statements="26" coveredstatements="26" conditionals="0" coveredconditionals="0" methods="0" coveredmethods="0"/>
        <line num="1" count="1" type="stmt"/>
        <line num="2" count="1" type="stmt"/>
        <line num="3" count="1" type="stmt"/>
        <line num="4" count="1" type="stmt"/>
        <line num="5" count="1" type="stmt"/>
        <line num="6" count="1" type="stmt"/>
        <line num="8" count="1" type="stmt"/>
        <line num="9" count="1" type="stmt"/>
        <line num="10" count="1" type="stmt"/>
        <line num="11" count="1" type="stmt"/>
        <line num="12" count="1" type="stmt"/>
        <line num="13" count="1" type="stmt"/>
        <line num="14" count="1" type="stmt"/>
        <line num="16" count="1" type="stmt"/>
        <line num="17" count="1" type="stmt"/>
        <line num="18" count="1" type="stmt"/>
        <line num="19" count="1" type="stmt"/>
        <line num="20" count="1" type="stmt"/>
        <line num="21" count="1" type="stmt"/>
        <line num="22" count="1" type="stmt"/>
        <line num="23" count="1" type="stmt"/>
        <line num="24" count="1" type="stmt"/>
        <line num="25" count="1" type="stmt"/>
        <line num="26" count="1" type="stmt"/>
        <line num="27" count="1" type="stmt"/>
        <line num="28" count="1" type="stmt"/>
      </file>
      <file name="helperFunctions.ts" path="/Users/reijjo/workspace/frontend/projects/Wolt2025/src/utils/helperFunctions.ts">
        <metrics statements="20" coveredstatements="20" conditionals="13" coveredconditionals="13" methods="4" coveredmethods="4"/>
        <line num="1" count="1" type="cond" truecount="1" falsecount="0"/>
        <line num="2" count="64" type="cond" truecount="2" falsecount="0"/>
        <line num="3" count="52" type="stmt"/>
        <line num="4" count="52" type="stmt"/>
        <line num="6" count="1" type="cond" truecount="1" falsecount="0"/>
        <line num="7" count="16" type="cond" truecount="3" falsecount="0"/>
        <line num="8" count="6" type="cond" truecount="1" falsecount="0"/>
        <line num="9" count="2" type="cond" truecount="1" falsecount="0"/>
        <line num="10" count="4" type="stmt"/>
        <line num="11" count="16" type="stmt"/>
        <line num="13" count="1" type="cond" truecount="1" falsecount="0"/>
        <line num="14" count="80" type="cond" truecount="1" falsecount="0"/>
        <line num="15" count="16" type="stmt"/>
        <line num="16" count="16" type="cond" truecount="1" falsecount="0"/>
        <line num="17" count="64" type="stmt"/>
        <line num="18" count="64" type="stmt"/>
        <line num="20" count="1" type="cond" truecount="1" falsecount="0"/>
        <line num="21" count="80" type="stmt"/>
        <line num="22" count="80" type="stmt"/>
        <line num="23" count="80" type="stmt"/>
      </file>
      <file name="index.ts" path="/Users/reijjo/workspace/frontend/projects/Wolt2025/src/utils/index.ts">
        <metrics statements="3" coveredstatements="3" conditionals="0" coveredconditionals="0" methods="0" coveredmethods="0"/>
        <line num="1" count="1" type="stmt"/>
        <line num="2" count="1" type="stmt"/>
        <line num="3" count="1" type="stmt"/>
      </file>
      <file name="types.ts" path="/Users/reijjo/workspace/frontend/projects/Wolt2025/src/utils/types.ts">
        <metrics statements="0" coveredstatements="0" conditionals="0" coveredconditionals="0" methods="0" coveredmethods="0"/>
      </file>
    </package>
  </project>
</coverage>
