{"/Users/reijjo/workspace/frontend/projects/Wolt2025/src/api/api.ts": {"path":"/Users/reijjo/workspace/frontend/projects/Wolt2025/src/api/api.ts","all":false,"statementMap":{"0":{"start":{"line":1,"column":0},"end":{"line":1,"column":26}},"8":{"start":{"line":9,"column":0},"end":{"line":9,"column":73}},"9":{"start":{"line":10,"column":0},"end":{"line":10,"column":77}},"10":{"start":{"line":11,"column":0},"end":{"line":11,"column":23}},"11":{"start":{"line":12,"column":0},"end":{"line":12,"column":2}},"13":{"start":{"line":14,"column":0},"end":{"line":14,"column":73}},"14":{"start":{"line":15,"column":0},"end":{"line":15,"column":35}},"15":{"start":{"line":16,"column":0},"end":{"line":16,"column":105}},"16":{"start":{"line":17,"column":0},"end":{"line":17,"column":4}},"17":{"start":{"line":18,"column":0},"end":{"line":18,"column":70}},"18":{"start":{"line":19,"column":0},"end":{"line":19,"column":2}},"20":{"start":{"line":21,"column":0},"end":{"line":21,"column":41}},"21":{"start":{"line":22,"column":0},"end":{"line":22,"column":20}},"22":{"start":{"line":23,"column":0},"end":{"line":23,"column":30}},"23":{"start":{"line":24,"column":0},"end":{"line":24,"column":35}},"24":{"start":{"line":25,"column":0},"end":{"line":25,"column":106}},"25":{"start":{"line":26,"column":0},"end":{"line":26,"column":4}},"26":{"start":{"line":27,"column":0},"end":{"line":27,"column":70}},"27":{"start":{"line":28,"column":0},"end":{"line":28,"column":2}},"29":{"start":{"line":30,"column":0},"end":{"line":30,"column":50}},"30":{"start":{"line":31,"column":0},"end":{"line":31,"column":10}},"31":{"start":{"line":32,"column":0},"end":{"line":32,"column":18}},"32":{"start":{"line":33,"column":0},"end":{"line":33,"column":18}},"33":{"start":{"line":34,"column":0},"end":{"line":34,"column":4}},"34":{"start":{"line":35,"column":0},"end":{"line":35,"column":2}},"36":{"start":{"line":37,"column":0},"end":{"line":37,"column":28}},"37":{"start":{"line":38,"column":0},"end":{"line":38,"column":42}},"38":{"start":{"line":39,"column":0},"end":{"line":39,"column":21}},"39":{"start":{"line":40,"column":0},"end":{"line":40,"column":10}},"40":{"start":{"line":41,"column":0},"end":{"line":41,"column":58}},"41":{"start":{"line":42,"column":0},"end":{"line":42,"column":14}},"42":{"start":{"line":43,"column":0},"end":{"line":43,"column":61}},"43":{"start":{"line":44,"column":0},"end":{"line":44,"column":21}},"44":{"start":{"line":45,"column":0},"end":{"line":45,"column":74}},"45":{"start":{"line":46,"column":0},"end":{"line":46,"column":25}},"46":{"start":{"line":47,"column":0},"end":{"line":47,"column":25}},"47":{"start":{"line":48,"column":0},"end":{"line":48,"column":21}},"48":{"start":{"line":49,"column":0},"end":{"line":49,"column":21}},"49":{"start":{"line":50,"column":0},"end":{"line":50,"column":27}},"50":{"start":{"line":51,"column":0},"end":{"line":51,"column":18}},"51":{"start":{"line":52,"column":0},"end":{"line":52,"column":6}},"52":{"start":{"line":53,"column":0},"end":{"line":53,"column":4}},"53":{"start":{"line":54,"column":0},"end":{"line":54,"column":2}}},"s":{"0":1,"8":1,"9":0,"10":0,"11":0,"13":1,"14":20,"15":20,"16":20,"17":20,"18":20,"20":1,"21":20,"22":20,"23":20,"24":20,"25":20,"26":20,"27":20,"29":1,"30":20,"31":20,"32":20,"33":20,"34":20,"36":1,"37":20,"38":20,"39":20,"40":20,"41":20,"42":20,"43":20,"44":20,"45":100,"46":100,"47":100,"48":100,"49":100,"50":20,"51":20,"52":20,"53":20},"branchMap":{"0":{"type":"branch","line":14,"loc":{"start":{"line":14,"column":26},"end":{"line":19,"column":2}},"locations":[{"start":{"line":14,"column":26},"end":{"line":19,"column":2}}]},"1":{"type":"branch","line":21,"loc":{"start":{"line":21,"column":34},"end":{"line":28,"column":2}},"locations":[{"start":{"line":21,"column":34},"end":{"line":28,"column":2}}]},"2":{"type":"branch","line":30,"loc":{"start":{"line":30,"column":20},"end":{"line":35,"column":2}},"locations":[{"start":{"line":30,"column":20},"end":{"line":35,"column":2}}]},"3":{"type":"branch","line":37,"loc":{"start":{"line":37,"column":27},"end":{"line":54,"column":2}},"locations":[{"start":{"line":37,"column":27},"end":{"line":54,"column":2}}]},"4":{"type":"branch","line":51,"loc":{"start":{"line":51,"column":10},"end":{"line":51,"column":18}},"locations":[{"start":{"line":51,"column":10},"end":{"line":51,"column":18}}]},"5":{"type":"branch","line":45,"loc":{"start":{"line":45,"column":61},"end":{"line":51,"column":10}},"locations":[{"start":{"line":45,"column":61},"end":{"line":51,"column":10}}]}},"b":{"0":[20],"1":[20],"2":[20],"3":[20],"4":[0],"5":[100]},"fnMap":{"0":{"name":"fetchIpLocation","decl":{"start":{"line":9,"column":31},"end":{"line":12,"column":2}},"loc":{"start":{"line":9,"column":31},"end":{"line":12,"column":2}},"line":9},"1":{"name":"fetchVenue","decl":{"start":{"line":14,"column":26},"end":{"line":19,"column":2}},"loc":{"start":{"line":14,"column":26},"end":{"line":19,"column":2}},"line":14},"2":{"name":"fetchDeliverySpecs","decl":{"start":{"line":21,"column":34},"end":{"line":28,"column":2}},"loc":{"start":{"line":21,"column":34},"end":{"line":28,"column":2}},"line":21},"3":{"name":"parsedVenue","decl":{"start":{"line":30,"column":20},"end":{"line":35,"column":2}},"loc":{"start":{"line":30,"column":20},"end":{"line":35,"column":2}},"line":30},"4":{"name":"parseDeliverySpecs","decl":{"start":{"line":37,"column":27},"end":{"line":54,"column":2}},"loc":{"start":{"line":37,"column":27},"end":{"line":54,"column":2}},"line":37}},"f":{"0":0,"1":20,"2":20,"3":20,"4":20}}
,"/Users/reijjo/workspace/frontend/projects/Wolt2025/src/components/index.ts": {"path":"/Users/reijjo/workspace/frontend/projects/Wolt2025/src/components/index.ts","all":false,"statementMap":{"0":{"start":{"line":1,"column":0},"end":{"line":1,"column":39}},"1":{"start":{"line":2,"column":0},"end":{"line":2,"column":43}},"2":{"start":{"line":3,"column":0},"end":{"line":3,"column":45}},"3":{"start":{"line":4,"column":0},"end":{"line":4,"column":51}},"5":{"start":{"line":6,"column":0},"end":{"line":6,"column":32}},"6":{"start":{"line":7,"column":0},"end":{"line":7,"column":34}},"7":{"start":{"line":8,"column":0},"end":{"line":8,"column":30}}},"s":{"0":1,"1":1,"2":1,"3":1,"5":1,"6":1,"7":1},"branchMap":{},"b":{},"fnMap":{},"f":{}}
,"/Users/reijjo/workspace/frontend/projects/Wolt2025/src/components/common/Button/Button.tsx": {"path":"/Users/reijjo/workspace/frontend/projects/Wolt2025/src/components/common/Button/Button.tsx","all":false,"statementMap":{"0":{"start":{"line":1,"column":0},"end":{"line":1,"column":22}},"12":{"start":{"line":13,"column":0},"end":{"line":13,"column":24}},"13":{"start":{"line":14,"column":0},"end":{"line":14,"column":17}},"14":{"start":{"line":15,"column":0},"end":{"line":15,"column":9}},"15":{"start":{"line":16,"column":0},"end":{"line":16,"column":12}},"16":{"start":{"line":17,"column":0},"end":{"line":17,"column":8}},"17":{"start":{"line":18,"column":0},"end":{"line":18,"column":20}},"18":{"start":{"line":19,"column":0},"end":{"line":19,"column":10}},"19":{"start":{"line":20,"column":0},"end":{"line":20,"column":20}},"20":{"start":{"line":21,"column":0},"end":{"line":21,"column":24}},"21":{"start":{"line":22,"column":0},"end":{"line":22,"column":10}},"22":{"start":{"line":23,"column":0},"end":{"line":23,"column":11}},"23":{"start":{"line":24,"column":0},"end":{"line":24,"column":11}},"24":{"start":{"line":25,"column":0},"end":{"line":25,"column":13}},"25":{"start":{"line":26,"column":0},"end":{"line":26,"column":4}},"27":{"start":{"line":28,"column":0},"end":{"line":28,"column":74}},"28":{"start":{"line":29,"column":0},"end":{"line":29,"column":2}}},"s":{"0":1,"12":1,"13":316,"14":316,"15":316,"16":316,"17":316,"18":316,"19":316,"20":316,"21":316,"22":316,"23":316,"24":316,"25":316,"27":316,"28":316},"branchMap":{"0":{"type":"branch","line":13,"loc":{"start":{"line":13,"column":22},"end":{"line":29,"column":2}},"locations":[{"start":{"line":13,"column":22},"end":{"line":29,"column":2}}]}},"b":{"0":[316]},"fnMap":{"0":{"name":"Button","decl":{"start":{"line":13,"column":22},"end":{"line":29,"column":2}},"loc":{"start":{"line":13,"column":22},"end":{"line":29,"column":2}},"line":13}},"f":{"0":316}}
,"/Users/reijjo/workspace/frontend/projects/Wolt2025/src/components/common/Button/IconButton.tsx": {"path":"/Users/reijjo/workspace/frontend/projects/Wolt2025/src/components/common/Button/IconButton.tsx","all":false,"statementMap":{"7":{"start":{"line":8,"column":0},"end":{"line":8,"column":75}},"8":{"start":{"line":9,"column":0},"end":{"line":9,"column":10}},"9":{"start":{"line":10,"column":0},"end":{"line":10,"column":23}},"10":{"start":{"line":11,"column":0},"end":{"line":11,"column":50}},"11":{"start":{"line":12,"column":0},"end":{"line":12,"column":13}},"13":{"start":{"line":14,"column":0},"end":{"line":14,"column":2}}},"s":{"7":1,"8":0,"9":0,"10":0,"11":0,"13":0},"branchMap":{},"b":{},"fnMap":{"0":{"name":"IconButton","decl":{"start":{"line":8,"column":26},"end":{"line":14,"column":2}},"loc":{"start":{"line":8,"column":26},"end":{"line":14,"column":2}},"line":8}},"f":{"0":0}}
,"/Users/reijjo/workspace/frontend/projects/Wolt2025/src/components/common/Notification/Notification.tsx": {"path":"/Users/reijjo/workspace/frontend/projects/Wolt2025/src/components/common/Notification/Notification.tsx","all":false,"statementMap":{"0":{"start":{"line":1,"column":0},"end":{"line":1,"column":28}},"10":{"start":{"line":11,"column":0},"end":{"line":11,"column":30}},"11":{"start":{"line":12,"column":0},"end":{"line":12,"column":10}},"12":{"start":{"line":13,"column":0},"end":{"line":13,"column":7}},"13":{"start":{"line":14,"column":0},"end":{"line":14,"column":13}},"14":{"start":{"line":15,"column":0},"end":{"line":15,"column":10}},"15":{"start":{"line":16,"column":0},"end":{"line":16,"column":26}},"16":{"start":{"line":17,"column":0},"end":{"line":17,"column":10}},"17":{"start":{"line":18,"column":0},"end":{"line":18,"column":8}},"18":{"start":{"line":19,"column":0},"end":{"line":19,"column":73}},"19":{"start":{"line":20,"column":0},"end":{"line":20,"column":16}},"21":{"start":{"line":22,"column":0},"end":{"line":22,"column":52}},"22":{"start":{"line":23,"column":0},"end":{"line":23,"column":10}},"24":{"start":{"line":25,"column":0},"end":{"line":25,"column":2}}},"s":{"0":1,"10":1,"11":0,"12":0,"13":0,"14":0,"15":0,"16":0,"17":0,"18":0,"19":0,"21":0,"22":0,"24":0},"branchMap":{},"b":{},"fnMap":{"0":{"name":"Notification","decl":{"start":{"line":11,"column":28},"end":{"line":25,"column":2}},"loc":{"start":{"line":11,"column":28},"end":{"line":25,"column":2}},"line":11}},"f":{"0":0}}
,"/Users/reijjo/workspace/frontend/projects/Wolt2025/src/components/common/TextInput/TextInput.tsx": {"path":"/Users/reijjo/workspace/frontend/projects/Wolt2025/src/components/common/TextInput/TextInput.tsx","all":false,"statementMap":{"0":{"start":{"line":1,"column":0},"end":{"line":1,"column":25}},"14":{"start":{"line":15,"column":0},"end":{"line":15,"column":27}},"15":{"start":{"line":16,"column":0},"end":{"line":16,"column":8}},"16":{"start":{"line":17,"column":0},"end":{"line":17,"column":7}},"17":{"start":{"line":18,"column":0},"end":{"line":18,"column":5}},"18":{"start":{"line":19,"column":0},"end":{"line":19,"column":13}},"19":{"start":{"line":20,"column":0},"end":{"line":20,"column":17}},"20":{"start":{"line":21,"column":0},"end":{"line":21,"column":9}},"21":{"start":{"line":22,"column":0},"end":{"line":22,"column":13}},"22":{"start":{"line":23,"column":0},"end":{"line":23,"column":10}},"23":{"start":{"line":24,"column":0},"end":{"line":24,"column":23}},"24":{"start":{"line":25,"column":0},"end":{"line":25,"column":42}},"26":{"start":{"line":27,"column":0},"end":{"line":27,"column":10}},"27":{"start":{"line":28,"column":0},"end":{"line":28,"column":48}},"28":{"start":{"line":29,"column":0},"end":{"line":29,"column":41}},"29":{"start":{"line":30,"column":0},"end":{"line":30,"column":12}},"30":{"start":{"line":31,"column":0},"end":{"line":31,"column":19}},"31":{"start":{"line":32,"column":0},"end":{"line":32,"column":19}},"32":{"start":{"line":33,"column":0},"end":{"line":33,"column":15}},"33":{"start":{"line":34,"column":0},"end":{"line":34,"column":33}},"34":{"start":{"line":35,"column":0},"end":{"line":35,"column":60}},"35":{"start":{"line":36,"column":0},"end":{"line":36,"column":18}},"36":{"start":{"line":37,"column":0},"end":{"line":37,"column":32}},"37":{"start":{"line":38,"column":0},"end":{"line":38,"column":8}},"38":{"start":{"line":39,"column":0},"end":{"line":39,"column":34}},"39":{"start":{"line":40,"column":0},"end":{"line":40,"column":54}},"40":{"start":{"line":41,"column":0},"end":{"line":41,"column":33}},"41":{"start":{"line":42,"column":0},"end":{"line":42,"column":13}},"43":{"start":{"line":44,"column":0},"end":{"line":44,"column":10}},"45":{"start":{"line":46,"column":0},"end":{"line":46,"column":2}}},"s":{"0":1,"14":1,"15":612,"16":612,"17":612,"18":612,"19":612,"20":612,"21":612,"22":612,"23":612,"24":612,"26":612,"27":612,"28":612,"29":612,"30":612,"31":612,"32":612,"33":612,"34":612,"35":612,"36":612,"37":612,"38":612,"39":75,"40":75,"41":75,"43":612,"45":612},"branchMap":{"0":{"type":"branch","line":15,"loc":{"start":{"line":15,"column":25},"end":{"line":46,"column":2}},"locations":[{"start":{"line":15,"column":25},"end":{"line":46,"column":2}}]},"1":{"type":"branch","line":35,"loc":{"start":{"line":35,"column":22},"end":{"line":35,"column":55}},"locations":[{"start":{"line":35,"column":22},"end":{"line":35,"column":55}}]},"2":{"type":"branch","line":35,"loc":{"start":{"line":35,"column":33},"end":{"line":35,"column":57}},"locations":[{"start":{"line":35,"column":33},"end":{"line":35,"column":57}}]},"3":{"type":"branch","line":39,"loc":{"start":{"line":39,"column":28},"end":{"line":42,"column":13}},"locations":[{"start":{"line":39,"column":28},"end":{"line":42,"column":13}}]}},"b":{"0":[612],"1":[75],"2":[537],"3":[75]},"fnMap":{"0":{"name":"TextInput","decl":{"start":{"line":15,"column":25},"end":{"line":46,"column":2}},"loc":{"start":{"line":15,"column":25},"end":{"line":46,"column":2}},"line":15}},"f":{"0":612}}
,"/Users/reijjo/workspace/frontend/projects/Wolt2025/src/components/layout/Layout.tsx": {"path":"/Users/reijjo/workspace/frontend/projects/Wolt2025/src/components/layout/Layout.tsx","all":false,"statementMap":{"0":{"start":{"line":1,"column":0},"end":{"line":1,"column":22}},"2":{"start":{"line":3,"column":0},"end":{"line":3,"column":42}},"4":{"start":{"line":5,"column":0},"end":{"line":5,"column":52}},"6":{"start":{"line":7,"column":0},"end":{"line":7,"column":29}},"7":{"start":{"line":8,"column":0},"end":{"line":8,"column":32}},"8":{"start":{"line":9,"column":0},"end":{"line":9,"column":19}},"9":{"start":{"line":10,"column":0},"end":{"line":10,"column":16}},"10":{"start":{"line":11,"column":0},"end":{"line":11,"column":20}},"11":{"start":{"line":12,"column":0},"end":{"line":12,"column":9}}},"s":{"0":1,"2":1,"4":1,"6":1,"7":0,"8":0,"9":0,"10":0,"11":0},"branchMap":{},"b":{},"fnMap":{"0":{"name":"Layout","decl":{"start":{"line":7,"column":22},"end":{"line":12,"column":9}},"loc":{"start":{"line":7,"column":22},"end":{"line":12,"column":9}},"line":7}},"f":{"0":0}}
,"/Users/reijjo/workspace/frontend/projects/Wolt2025/src/components/loading/Loading.tsx": {"path":"/Users/reijjo/workspace/frontend/projects/Wolt2025/src/components/loading/Loading.tsx","all":false,"statementMap":{"0":{"start":{"line":1,"column":0},"end":{"line":1,"column":23}},"8":{"start":{"line":9,"column":0},"end":{"line":9,"column":25}},"9":{"start":{"line":10,"column":0},"end":{"line":10,"column":29}},"10":{"start":{"line":11,"column":0},"end":{"line":11,"column":10}},"11":{"start":{"line":12,"column":0},"end":{"line":12,"column":21}},"12":{"start":{"line":13,"column":0},"end":{"line":13,"column":38}},"13":{"start":{"line":14,"column":0},"end":{"line":14,"column":36}},"14":{"start":{"line":15,"column":0},"end":{"line":15,"column":26}},"15":{"start":{"line":16,"column":0},"end":{"line":16,"column":8}}},"s":{"0":1,"8":1,"9":0,"10":0,"11":0,"12":0,"13":0,"14":0,"15":0},"branchMap":{},"b":{},"fnMap":{"0":{"name":"Loading","decl":{"start":{"line":9,"column":23},"end":{"line":16,"column":8}},"loc":{"start":{"line":9,"column":23},"end":{"line":16,"column":8}},"line":9}},"f":{"0":0}}
,"/Users/reijjo/workspace/frontend/projects/Wolt2025/src/components/modal/Modal.tsx": {"path":"/Users/reijjo/workspace/frontend/projects/Wolt2025/src/components/modal/Modal.tsx","all":false,"statementMap":{"0":{"start":{"line":1,"column":0},"end":{"line":1,"column":21}},"2":{"start":{"line":3,"column":0},"end":{"line":3,"column":79}},"4":{"start":{"line":5,"column":0},"end":{"line":5,"column":29}},"5":{"start":{"line":6,"column":0},"end":{"line":6,"column":48}},"15":{"start":{"line":16,"column":0},"end":{"line":16,"column":23}},"16":{"start":{"line":17,"column":0},"end":{"line":17,"column":9}},"17":{"start":{"line":18,"column":0},"end":{"line":18,"column":11}},"18":{"start":{"line":19,"column":0},"end":{"line":19,"column":8}},"19":{"start":{"line":20,"column":0},"end":{"line":20,"column":12}},"20":{"start":{"line":21,"column":0},"end":{"line":21,"column":9}},"21":{"start":{"line":22,"column":0},"end":{"line":22,"column":19}},"22":{"start":{"line":23,"column":0},"end":{"line":23,"column":43}},"24":{"start":{"line":25,"column":0},"end":{"line":25,"column":19}},"25":{"start":{"line":26,"column":0},"end":{"line":26,"column":45}},"26":{"start":{"line":27,"column":0},"end":{"line":27,"column":31}},"27":{"start":{"line":28,"column":0},"end":{"line":28,"column":21}},"28":{"start":{"line":29,"column":0},"end":{"line":29,"column":7}},"29":{"start":{"line":30,"column":0},"end":{"line":30,"column":6}},"31":{"start":{"line":32,"column":0},"end":{"line":32,"column":50}},"32":{"start":{"line":33,"column":0},"end":{"line":33,"column":66}},"33":{"start":{"line":34,"column":0},"end":{"line":34,"column":19}},"35":{"start":{"line":36,"column":0},"end":{"line":36,"column":48}},"37":{"start":{"line":38,"column":0},"end":{"line":38,"column":19}},"38":{"start":{"line":39,"column":0},"end":{"line":39,"column":66}},"39":{"start":{"line":40,"column":0},"end":{"line":40,"column":25}},"40":{"start":{"line":41,"column":0},"end":{"line":41,"column":9}},"42":{"start":{"line":43,"column":0},"end":{"line":43,"column":10}},"43":{"start":{"line":44,"column":0},"end":{"line":44,"column":8}},"44":{"start":{"line":45,"column":0},"end":{"line":45,"column":25}},"45":{"start":{"line":46,"column":0},"end":{"line":46,"column":19}},"46":{"start":{"line":47,"column":0},"end":{"line":47,"column":23}},"47":{"start":{"line":48,"column":0},"end":{"line":48,"column":36}},"49":{"start":{"line":50,"column":0},"end":{"line":50,"column":54}},"50":{"start":{"line":51,"column":0},"end":{"line":51,"column":55}},"51":{"start":{"line":52,"column":0},"end":{"line":52,"column":18}},"52":{"start":{"line":53,"column":0},"end":{"line":53,"column":13}},"53":{"start":{"line":54,"column":0},"end":{"line":54,"column":53}},"54":{"start":{"line":55,"column":0},"end":{"line":55,"column":20}},"55":{"start":{"line":56,"column":0},"end":{"line":56,"column":12}},"56":{"start":{"line":57,"column":0},"end":{"line":57,"column":79}},"57":{"start":{"line":58,"column":0},"end":{"line":58,"column":17}},"58":{"start":{"line":59,"column":0},"end":{"line":59,"column":40}},"59":{"start":{"line":60,"column":0},"end":{"line":60,"column":38}},"60":{"start":{"line":61,"column":0},"end":{"line":61,"column":28}},"61":{"start":{"line":62,"column":0},"end":{"line":62,"column":25}},"62":{"start":{"line":63,"column":0},"end":{"line":63,"column":24}},"63":{"start":{"line":64,"column":0},"end":{"line":64,"column":33}},"64":{"start":{"line":65,"column":0},"end":{"line":65,"column":30}},"65":{"start":{"line":66,"column":0},"end":{"line":66,"column":24}},"66":{"start":{"line":67,"column":0},"end":{"line":67,"column":12}},"67":{"start":{"line":68,"column":0},"end":{"line":68,"column":17}},"68":{"start":{"line":69,"column":0},"end":{"line":69,"column":32}},"69":{"start":{"line":70,"column":0},"end":{"line":70,"column":40}},"70":{"start":{"line":71,"column":0},"end":{"line":71,"column":32}},"71":{"start":{"line":72,"column":0},"end":{"line":72,"column":25}},"72":{"start":{"line":73,"column":0},"end":{"line":73,"column":24}},"73":{"start":{"line":74,"column":0},"end":{"line":74,"column":33}},"74":{"start":{"line":75,"column":0},"end":{"line":75,"column":34}},"75":{"start":{"line":76,"column":0},"end":{"line":76,"column":24}},"76":{"start":{"line":77,"column":0},"end":{"line":77,"column":12}},"77":{"start":{"line":78,"column":0},"end":{"line":78,"column":14}},"78":{"start":{"line":79,"column":0},"end":{"line":79,"column":12}},"79":{"start":{"line":80,"column":0},"end":{"line":80,"column":10}},"81":{"start":{"line":82,"column":0},"end":{"line":82,"column":2}}},"s":{"0":1,"2":1,"4":1,"5":1,"15":1,"16":1,"17":1,"18":1,"19":1,"20":1,"21":1,"22":1,"24":1,"25":1,"26":0,"27":0,"28":0,"29":0,"31":1,"32":1,"33":1,"35":1,"37":1,"38":1,"39":1,"40":1,"42":1,"43":1,"44":1,"45":1,"46":1,"47":1,"49":1,"50":1,"51":1,"52":1,"53":1,"54":1,"55":1,"56":1,"57":1,"58":1,"59":1,"60":1,"61":1,"62":1,"63":1,"64":1,"65":1,"66":1,"67":1,"68":1,"69":1,"70":1,"71":1,"72":1,"73":1,"74":1,"75":1,"76":1,"77":1,"78":1,"79":1,"81":1},"branchMap":{"0":{"type":"branch","line":16,"loc":{"start":{"line":16,"column":21},"end":{"line":82,"column":2}},"locations":[{"start":{"line":16,"column":21},"end":{"line":82,"column":2}}]},"1":{"type":"branch","line":25,"loc":{"start":{"line":25,"column":12},"end":{"line":34,"column":5}},"locations":[{"start":{"line":25,"column":12},"end":{"line":34,"column":5}}]},"2":{"type":"branch","line":33,"loc":{"start":{"line":33,"column":11},"end":{"line":33,"column":66}},"locations":[{"start":{"line":33,"column":11},"end":{"line":33,"column":66}}]},"3":{"type":"branch","line":38,"loc":{"start":{"line":38,"column":12},"end":{"line":41,"column":5}},"locations":[{"start":{"line":38,"column":12},"end":{"line":41,"column":5}}]}},"b":{"0":[1],"1":[1],"2":[1],"3":[1]},"fnMap":{"0":{"name":"Modal","decl":{"start":{"line":16,"column":21},"end":{"line":82,"column":2}},"loc":{"start":{"line":16,"column":21},"end":{"line":82,"column":2}},"line":16},"1":{"name":"handleEsc","decl":{"start":{"line":26,"column":22},"end":{"line":30,"column":6}},"loc":{"start":{"line":26,"column":22},"end":{"line":30,"column":6}},"line":26},"2":{"name":"onClick","decl":{"start":{"line":59,"column":21},"end":{"line":59,"column":40}},"loc":{"start":{"line":59,"column":21},"end":{"line":59,"column":40}},"line":59}},"f":{"0":1,"1":0,"2":0}}
,"/Users/reijjo/workspace/frontend/projects/Wolt2025/src/context/index.ts": {"path":"/Users/reijjo/workspace/frontend/projects/Wolt2025/src/context/index.ts","all":false,"statementMap":{"0":{"start":{"line":1,"column":0},"end":{"line":1,"column":25}},"1":{"start":{"line":2,"column":0},"end":{"line":2,"column":25}}},"s":{"0":1,"1":1},"branchMap":{},"b":{},"fnMap":{},"f":{}}
,"/Users/reijjo/workspace/frontend/projects/Wolt2025/src/context/modal/ModalContext.ts": {"path":"/Users/reijjo/workspace/frontend/projects/Wolt2025/src/context/modal/ModalContext.ts","all":false,"statementMap":{"0":{"start":{"line":1,"column":0},"end":{"line":1,"column":61}},"9":{"start":{"line":10,"column":0},"end":{"line":10,"column":72}},"10":{"start":{"line":11,"column":0},"end":{"line":11,"column":12}},"11":{"start":{"line":12,"column":0},"end":{"line":12,"column":2}},"13":{"start":{"line":14,"column":0},"end":{"line":14,"column":38}},"14":{"start":{"line":15,"column":0},"end":{"line":15,"column":43}},"15":{"start":{"line":16,"column":0},"end":{"line":16,"column":17}},"16":{"start":{"line":17,"column":0},"end":{"line":17,"column":58}},"17":{"start":{"line":18,"column":0},"end":{"line":18,"column":3}},"18":{"start":{"line":19,"column":0},"end":{"line":19,"column":17}},"19":{"start":{"line":20,"column":0},"end":{"line":20,"column":2}}},"s":{"0":1,"9":1,"10":1,"11":1,"13":1,"14":154,"15":154,"16":0,"17":0,"18":154,"19":154},"branchMap":{"0":{"type":"branch","line":14,"loc":{"start":{"line":14,"column":31},"end":{"line":20,"column":2}},"locations":[{"start":{"line":14,"column":31},"end":{"line":20,"column":2}}]},"1":{"type":"branch","line":16,"loc":{"start":{"line":16,"column":16},"end":{"line":18,"column":3}},"locations":[{"start":{"line":16,"column":16},"end":{"line":18,"column":3}}]}},"b":{"0":[154],"1":[0]},"fnMap":{"0":{"name":"useModalContext","decl":{"start":{"line":14,"column":31},"end":{"line":20,"column":2}},"loc":{"start":{"line":14,"column":31},"end":{"line":20,"column":2}},"line":14}},"f":{"0":154}}
,"/Users/reijjo/workspace/frontend/projects/Wolt2025/src/context/modal/ModalProvider.tsx": {"path":"/Users/reijjo/workspace/frontend/projects/Wolt2025/src/context/modal/ModalProvider.tsx","all":false,"statementMap":{"0":{"start":{"line":1,"column":0},"end":{"line":1,"column":44}},"2":{"start":{"line":3,"column":0},"end":{"line":3,"column":46}},"8":{"start":{"line":9,"column":0},"end":{"line":9,"column":68}},"9":{"start":{"line":10,"column":0},"end":{"line":10,"column":75}},"10":{"start":{"line":11,"column":0},"end":{"line":11,"column":56}},"12":{"start":{"line":13,"column":0},"end":{"line":13,"column":45}},"13":{"start":{"line":14,"column":0},"end":{"line":14,"column":29}},"14":{"start":{"line":15,"column":0},"end":{"line":15,"column":25}},"15":{"start":{"line":16,"column":0},"end":{"line":16,"column":4}},"17":{"start":{"line":18,"column":0},"end":{"line":18,"column":28}},"18":{"start":{"line":19,"column":0},"end":{"line":19,"column":26}},"19":{"start":{"line":20,"column":0},"end":{"line":20,"column":26}},"20":{"start":{"line":21,"column":0},"end":{"line":21,"column":4}},"22":{"start":{"line":23,"column":0},"end":{"line":23,"column":10}},"23":{"start":{"line":24,"column":0},"end":{"line":24,"column":26}},"24":{"start":{"line":25,"column":0},"end":{"line":25,"column":66}},"26":{"start":{"line":27,"column":0},"end":{"line":27,"column":16}},"27":{"start":{"line":28,"column":0},"end":{"line":28,"column":35}},"28":{"start":{"line":29,"column":0},"end":{"line":29,"column":28}},"30":{"start":{"line":31,"column":0},"end":{"line":31,"column":2}}},"s":{"0":1,"2":1,"8":1,"9":31,"10":31,"12":31,"13":0,"14":0,"15":0,"17":31,"18":0,"19":0,"20":0,"22":31,"23":31,"24":31,"26":31,"27":31,"28":31,"30":31},"branchMap":{"0":{"type":"branch","line":9,"loc":{"start":{"line":9,"column":29},"end":{"line":31,"column":2}},"locations":[{"start":{"line":9,"column":29},"end":{"line":31,"column":2}}]},"1":{"type":"branch","line":28,"loc":{"start":{"line":28,"column":7},"end":{"line":28,"column":35}},"locations":[{"start":{"line":28,"column":7},"end":{"line":28,"column":35}}]}},"b":{"0":[31],"1":[0]},"fnMap":{"0":{"name":"ModalProvider","decl":{"start":{"line":9,"column":29},"end":{"line":31,"column":2}},"loc":{"start":{"line":9,"column":29},"end":{"line":31,"column":2}},"line":9},"1":{"name":"openModal","decl":{"start":{"line":13,"column":20},"end":{"line":16,"column":4}},"loc":{"start":{"line":13,"column":20},"end":{"line":16,"column":4}},"line":13},"2":{"name":"closeModal","decl":{"start":{"line":18,"column":21},"end":{"line":21,"column":4}},"loc":{"start":{"line":18,"column":21},"end":{"line":21,"column":4}},"line":18}},"f":{"0":31,"1":0,"2":0}}
,"/Users/reijjo/workspace/frontend/projects/Wolt2025/src/context/modal/index.ts": {"path":"/Users/reijjo/workspace/frontend/projects/Wolt2025/src/context/modal/index.ts","all":false,"statementMap":{"0":{"start":{"line":1,"column":0},"end":{"line":1,"column":31}},"1":{"start":{"line":2,"column":0},"end":{"line":2,"column":32}}},"s":{"0":1,"1":1},"branchMap":{},"b":{},"fnMap":{},"f":{}}
,"/Users/reijjo/workspace/frontend/projects/Wolt2025/src/context/price/PriceContext.ts": {"path":"/Users/reijjo/workspace/frontend/projects/Wolt2025/src/context/price/PriceContext.ts","all":false,"statementMap":{"0":{"start":{"line":1,"column":0},"end":{"line":1,"column":50}},"8":{"start":{"line":9,"column":0},"end":{"line":9,"column":72}},"9":{"start":{"line":10,"column":0},"end":{"line":10,"column":12}},"10":{"start":{"line":11,"column":0},"end":{"line":11,"column":2}},"12":{"start":{"line":13,"column":0},"end":{"line":13,"column":38}},"13":{"start":{"line":14,"column":0},"end":{"line":14,"column":43}},"14":{"start":{"line":15,"column":0},"end":{"line":15,"column":17}},"15":{"start":{"line":16,"column":0},"end":{"line":16,"column":65}},"16":{"start":{"line":17,"column":0},"end":{"line":17,"column":3}},"17":{"start":{"line":18,"column":0},"end":{"line":18,"column":17}},"18":{"start":{"line":19,"column":0},"end":{"line":19,"column":2}}},"s":{"0":1,"8":1,"9":1,"10":1,"12":1,"13":8,"14":8,"15":0,"16":0,"17":8,"18":8},"branchMap":{"0":{"type":"branch","line":13,"loc":{"start":{"line":13,"column":31},"end":{"line":19,"column":2}},"locations":[{"start":{"line":13,"column":31},"end":{"line":19,"column":2}}]},"1":{"type":"branch","line":15,"loc":{"start":{"line":15,"column":16},"end":{"line":17,"column":3}},"locations":[{"start":{"line":15,"column":16},"end":{"line":17,"column":3}}]}},"b":{"0":[8],"1":[0]},"fnMap":{"0":{"name":"usePriceContext","decl":{"start":{"line":13,"column":31},"end":{"line":19,"column":2}},"loc":{"start":{"line":13,"column":31},"end":{"line":19,"column":2}},"line":13}},"f":{"0":8}}
,"/Users/reijjo/workspace/frontend/projects/Wolt2025/src/context/price/PriceProvider.tsx": {"path":"/Users/reijjo/workspace/frontend/projects/Wolt2025/src/context/price/PriceProvider.tsx","all":false,"statementMap":{"0":{"start":{"line":1,"column":0},"end":{"line":1,"column":44}},"3":{"start":{"line":4,"column":0},"end":{"line":4,"column":46}},"9":{"start":{"line":10,"column":0},"end":{"line":10,"column":68}},"10":{"start":{"line":11,"column":0},"end":{"line":11,"column":69}},"12":{"start":{"line":13,"column":0},"end":{"line":13,"column":10}},"13":{"start":{"line":14,"column":0},"end":{"line":14,"column":63}},"14":{"start":{"line":15,"column":0},"end":{"line":15,"column":16}},"15":{"start":{"line":16,"column":0},"end":{"line":16,"column":28}},"17":{"start":{"line":18,"column":0},"end":{"line":18,"column":2}}},"s":{"0":1,"3":1,"9":1,"10":30,"12":30,"13":30,"14":30,"15":30,"17":30},"branchMap":{"0":{"type":"branch","line":10,"loc":{"start":{"line":10,"column":29},"end":{"line":18,"column":2}},"locations":[{"start":{"line":10,"column":29},"end":{"line":18,"column":2}}]}},"b":{"0":[30]},"fnMap":{"0":{"name":"PriceProvider","decl":{"start":{"line":10,"column":29},"end":{"line":18,"column":2}},"loc":{"start":{"line":10,"column":29},"end":{"line":18,"column":2}},"line":10}},"f":{"0":30}}
,"/Users/reijjo/workspace/frontend/projects/Wolt2025/src/context/price/index.ts": {"path":"/Users/reijjo/workspace/frontend/projects/Wolt2025/src/context/price/index.ts","all":false,"statementMap":{"0":{"start":{"line":1,"column":0},"end":{"line":1,"column":31}},"1":{"start":{"line":2,"column":0},"end":{"line":2,"column":32}}},"s":{"0":1,"1":1},"branchMap":{},"b":{},"fnMap":{},"f":{}}
,"/Users/reijjo/workspace/frontend/projects/Wolt2025/src/hooks/useApi.ts": {"path":"/Users/reijjo/workspace/frontend/projects/Wolt2025/src/hooks/useApi.ts","all":false,"statementMap":{"0":{"start":{"line":1,"column":0},"end":{"line":1,"column":37}},"2":{"start":{"line":3,"column":0},"end":{"line":3,"column":60}},"4":{"start":{"line":5,"column":0},"end":{"line":5,"column":29}},"5":{"start":{"line":6,"column":0},"end":{"line":6,"column":45}},"6":{"start":{"line":7,"column":0},"end":{"line":7,"column":9}},"7":{"start":{"line":8,"column":0},"end":{"line":8,"column":50}},"8":{"start":{"line":9,"column":0},"end":{"line":9,"column":19}},"9":{"start":{"line":10,"column":0},"end":{"line":10,"column":30}},"10":{"start":{"line":11,"column":0},"end":{"line":11,"column":60}},"11":{"start":{"line":12,"column":0},"end":{"line":12,"column":54}},"12":{"start":{"line":13,"column":0},"end":{"line":13,"column":5}},"13":{"start":{"line":14,"column":0},"end":{"line":14,"column":4}},"15":{"start":{"line":16,"column":0},"end":{"line":16,"column":53}},"16":{"start":{"line":17,"column":0},"end":{"line":17,"column":9}},"17":{"start":{"line":18,"column":0},"end":{"line":18,"column":42}},"18":{"start":{"line":19,"column":0},"end":{"line":19,"column":19}},"19":{"start":{"line":20,"column":0},"end":{"line":20,"column":30}},"20":{"start":{"line":21,"column":0},"end":{"line":21,"column":60}},"21":{"start":{"line":22,"column":0},"end":{"line":22,"column":55}},"22":{"start":{"line":23,"column":0},"end":{"line":23,"column":5}},"23":{"start":{"line":24,"column":0},"end":{"line":24,"column":4}},"25":{"start":{"line":26,"column":0},"end":{"line":26,"column":47}},"26":{"start":{"line":27,"column":0},"end":{"line":27,"column":33}},"27":{"start":{"line":28,"column":0},"end":{"line":28,"column":27}},"28":{"start":{"line":29,"column":0},"end":{"line":29,"column":37}},"29":{"start":{"line":30,"column":0},"end":{"line":30,"column":53}},"30":{"start":{"line":31,"column":0},"end":{"line":31,"column":12}},"31":{"start":{"line":32,"column":0},"end":{"line":32,"column":44}},"32":{"start":{"line":33,"column":0},"end":{"line":33,"column":5}},"33":{"start":{"line":34,"column":0},"end":{"line":34,"column":4}},"35":{"start":{"line":36,"column":0},"end":{"line":36,"column":61}},"36":{"start":{"line":37,"column":0},"end":{"line":37,"column":2}}},"s":{"0":1,"2":1,"4":1,"5":455,"6":20,"7":20,"8":20,"9":20,"10":0,"11":0,"12":0,"13":20,"15":455,"16":20,"17":20,"18":20,"19":20,"20":0,"21":0,"22":0,"23":20,"25":455,"26":0,"27":0,"28":0,"29":0,"30":0,"31":0,"32":0,"33":0,"35":455,"36":455},"branchMap":{"0":{"type":"branch","line":5,"loc":{"start":{"line":5,"column":22},"end":{"line":37,"column":2}},"locations":[{"start":{"line":5,"column":22},"end":{"line":37,"column":2}}]},"1":{"type":"branch","line":6,"loc":{"start":{"line":6,"column":21},"end":{"line":14,"column":4}},"locations":[{"start":{"line":6,"column":21},"end":{"line":14,"column":4}}]},"2":{"type":"branch","line":10,"loc":{"start":{"line":10,"column":4},"end":{"line":13,"column":5}},"locations":[{"start":{"line":10,"column":4},"end":{"line":13,"column":5}}]},"3":{"type":"branch","line":16,"loc":{"start":{"line":16,"column":29},"end":{"line":24,"column":4}},"locations":[{"start":{"line":16,"column":29},"end":{"line":24,"column":4}}]},"4":{"type":"branch","line":20,"loc":{"start":{"line":20,"column":4},"end":{"line":23,"column":5}},"locations":[{"start":{"line":20,"column":4},"end":{"line":23,"column":5}}]}},"b":{"0":[455],"1":[20],"2":[0],"3":[20],"4":[0]},"fnMap":{"0":{"name":"useApi","decl":{"start":{"line":5,"column":22},"end":{"line":37,"column":2}},"loc":{"start":{"line":5,"column":22},"end":{"line":37,"column":2}},"line":5},"1":{"name":"fetchSpecs","decl":{"start":{"line":6,"column":21},"end":{"line":14,"column":4}},"loc":{"start":{"line":6,"column":21},"end":{"line":14,"column":4}},"line":6},"2":{"name":"fetchVenueLocation","decl":{"start":{"line":16,"column":29},"end":{"line":24,"column":4}},"loc":{"start":{"line":16,"column":29},"end":{"line":24,"column":4}},"line":16},"3":{"name":"handleApiErrors","decl":{"start":{"line":26,"column":26},"end":{"line":34,"column":4}},"loc":{"start":{"line":26,"column":26},"end":{"line":34,"column":4}},"line":26}},"f":{"0":455,"1":20,"2":20,"3":0}}
,"/Users/reijjo/workspace/frontend/projects/Wolt2025/src/hooks/useDetailsForm.tsx": {"path":"/Users/reijjo/workspace/frontend/projects/Wolt2025/src/hooks/useDetailsForm.tsx","all":false,"statementMap":{"0":{"start":{"line":1,"column":0},"end":{"line":1,"column":33}},"3":{"start":{"line":4,"column":0},"end":{"line":4,"column":50}},"15":{"start":{"line":16,"column":0},"end":{"line":16,"column":72}},"16":{"start":{"line":17,"column":0},"end":{"line":17,"column":70}},"17":{"start":{"line":18,"column":0},"end":{"line":18,"column":78}},"19":{"start":{"line":20,"column":0},"end":{"line":20,"column":50}},"21":{"start":{"line":22,"column":0},"end":{"line":22,"column":28}},"22":{"start":{"line":23,"column":0},"end":{"line":23,"column":20}},"23":{"start":{"line":24,"column":0},"end":{"line":24,"column":27}},"24":{"start":{"line":25,"column":0},"end":{"line":25,"column":17}},"25":{"start":{"line":26,"column":0},"end":{"line":26,"column":8}},"26":{"start":{"line":27,"column":0},"end":{"line":27,"column":39}},"27":{"start":{"line":28,"column":0},"end":{"line":28,"column":22}},"28":{"start":{"line":29,"column":0},"end":{"line":29,"column":28}},"29":{"start":{"line":30,"column":0},"end":{"line":30,"column":20}},"30":{"start":{"line":31,"column":0},"end":{"line":31,"column":4}},"32":{"start":{"line":33,"column":0},"end":{"line":33,"column":35}},"33":{"start":{"line":34,"column":0},"end":{"line":34,"column":37}},"34":{"start":{"line":35,"column":0},"end":{"line":35,"column":4}},"36":{"start":{"line":37,"column":0},"end":{"line":37,"column":66}},"37":{"start":{"line":38,"column":0},"end":{"line":38,"column":37}},"38":{"start":{"line":39,"column":0},"end":{"line":39,"column":30}},"39":{"start":{"line":40,"column":0},"end":{"line":40,"column":4}},"41":{"start":{"line":42,"column":0},"end":{"line":42,"column":65}},"42":{"start":{"line":43,"column":0},"end":{"line":43,"column":30}},"43":{"start":{"line":44,"column":0},"end":{"line":44,"column":32}},"44":{"start":{"line":45,"column":0},"end":{"line":45,"column":20}},"45":{"start":{"line":46,"column":0},"end":{"line":46,"column":17}},"46":{"start":{"line":47,"column":0},"end":{"line":47,"column":8}},"47":{"start":{"line":48,"column":0},"end":{"line":48,"column":4}},"50":{"start":{"line":51,"column":0},"end":{"line":51,"column":66}},"51":{"start":{"line":52,"column":0},"end":{"line":52,"column":76}},"52":{"start":{"line":53,"column":0},"end":{"line":53,"column":30}},"53":{"start":{"line":54,"column":0},"end":{"line":54,"column":34}},"54":{"start":{"line":55,"column":0},"end":{"line":55,"column":22}},"55":{"start":{"line":56,"column":0},"end":{"line":56,"column":46}},"56":{"start":{"line":57,"column":0},"end":{"line":57,"column":10}},"57":{"start":{"line":58,"column":0},"end":{"line":58,"column":12}},"58":{"start":{"line":59,"column":0},"end":{"line":59,"column":65}},"59":{"start":{"line":60,"column":0},"end":{"line":60,"column":5}},"60":{"start":{"line":61,"column":0},"end":{"line":61,"column":4}},"62":{"start":{"line":63,"column":0},"end":{"line":63,"column":10}},"63":{"start":{"line":64,"column":0},"end":{"line":64,"column":11}},"64":{"start":{"line":65,"column":0},"end":{"line":65,"column":14}},"65":{"start":{"line":66,"column":0},"end":{"line":66,"column":17}},"66":{"start":{"line":67,"column":0},"end":{"line":67,"column":21}},"67":{"start":{"line":68,"column":0},"end":{"line":68,"column":22}},"68":{"start":{"line":69,"column":0},"end":{"line":69,"column":16}},"69":{"start":{"line":70,"column":0},"end":{"line":70,"column":15}},"70":{"start":{"line":71,"column":0},"end":{"line":71,"column":17}},"71":{"start":{"line":72,"column":0},"end":{"line":72,"column":4}},"72":{"start":{"line":73,"column":0},"end":{"line":73,"column":2}}},"s":{"0":1,"3":1,"15":1,"16":153,"17":153,"19":153,"21":153,"22":0,"23":0,"24":0,"25":0,"26":0,"27":0,"28":0,"29":0,"30":0,"32":153,"33":0,"34":0,"36":153,"37":8,"38":8,"39":8,"41":153,"42":2,"43":2,"44":2,"45":2,"46":2,"47":2,"50":153,"51":123,"52":123,"53":112,"54":112,"55":112,"56":112,"57":123,"58":11,"59":11,"60":123,"62":153,"63":153,"64":153,"65":153,"66":153,"67":153,"68":153,"69":153,"70":153,"71":153,"72":153},"branchMap":{"0":{"type":"branch","line":16,"loc":{"start":{"line":16,"column":30},"end":{"line":73,"column":2}},"locations":[{"start":{"line":16,"column":30},"end":{"line":73,"column":2}}]},"1":{"type":"branch","line":37,"loc":{"start":{"line":37,"column":22},"end":{"line":40,"column":4}},"locations":[{"start":{"line":37,"column":22},"end":{"line":40,"column":4}}]},"2":{"type":"branch","line":42,"loc":{"start":{"line":42,"column":21},"end":{"line":48,"column":4}},"locations":[{"start":{"line":42,"column":21},"end":{"line":48,"column":4}}]},"3":{"type":"branch","line":44,"loc":{"start":{"line":44,"column":14},"end":{"line":47,"column":6}},"locations":[{"start":{"line":44,"column":14},"end":{"line":47,"column":6}}]},"4":{"type":"branch","line":51,"loc":{"start":{"line":51,"column":23},"end":{"line":61,"column":4}},"locations":[{"start":{"line":51,"column":23},"end":{"line":61,"column":4}}]},"5":{"type":"branch","line":53,"loc":{"start":{"line":53,"column":29},"end":{"line":58,"column":11}},"locations":[{"start":{"line":53,"column":29},"end":{"line":58,"column":11}}]},"6":{"type":"branch","line":58,"loc":{"start":{"line":58,"column":4},"end":{"line":60,"column":5}},"locations":[{"start":{"line":58,"column":4},"end":{"line":60,"column":5}}]},"7":{"type":"branch","line":54,"loc":{"start":{"line":54,"column":16},"end":{"line":57,"column":8}},"locations":[{"start":{"line":54,"column":16},"end":{"line":57,"column":8}}]},"8":{"type":"branch","line":56,"loc":{"start":{"line":56,"column":38},"end":{"line":56,"column":46}},"locations":[{"start":{"line":56,"column":38},"end":{"line":56,"column":46}}]},"9":{"type":"branch","line":59,"loc":{"start":{"line":59,"column":16},"end":{"line":59,"column":63}},"locations":[{"start":{"line":59,"column":16},"end":{"line":59,"column":63}}]}},"b":{"0":[153],"1":[8],"2":[2],"3":[2],"4":[123],"5":[112],"6":[11],"7":[112],"8":[37],"9":[11]},"fnMap":{"0":{"name":"useDetailsForm","decl":{"start":{"line":16,"column":30},"end":{"line":73,"column":2}},"loc":{"start":{"line":16,"column":30},"end":{"line":73,"column":2}},"line":16},"1":{"name":"showNotification","decl":{"start":{"line":22,"column":27},"end":{"line":31,"column":4}},"loc":{"start":{"line":22,"column":27},"end":{"line":31,"column":4}},"line":22},"2":{"name":"clearNotification","decl":{"start":{"line":33,"column":28},"end":{"line":35,"column":4}},"loc":{"start":{"line":33,"column":28},"end":{"line":35,"column":4}},"line":33},"3":{"name":"handleFocus","decl":{"start":{"line":37,"column":22},"end":{"line":40,"column":4}},"loc":{"start":{"line":37,"column":22},"end":{"line":40,"column":4}},"line":37},"4":{"name":"handleBlur","decl":{"start":{"line":42,"column":21},"end":{"line":48,"column":4}},"loc":{"start":{"line":42,"column":21},"end":{"line":48,"column":4}},"line":42},"5":{"name":"invalidInput","decl":{"start":{"line":51,"column":23},"end":{"line":61,"column":4}},"loc":{"start":{"line":51,"column":23},"end":{"line":61,"column":4}},"line":51}},"f":{"0":153,"1":0,"2":0,"3":8,"4":2,"5":123}}
,"/Users/reijjo/workspace/frontend/projects/Wolt2025/src/hooks/useGetLocation.tsx": {"path":"/Users/reijjo/workspace/frontend/projects/Wolt2025/src/hooks/useGetLocation.tsx","all":false,"statementMap":{"0":{"start":{"line":1,"column":0},"end":{"line":1,"column":75}},"2":{"start":{"line":3,"column":0},"end":{"line":3,"column":45}},"3":{"start":{"line":4,"column":0},"end":{"line":4,"column":38}},"4":{"start":{"line":5,"column":0},"end":{"line":5,"column":45}},"13":{"start":{"line":14,"column":0},"end":{"line":14,"column":75}},"14":{"start":{"line":15,"column":0},"end":{"line":15,"column":44}},"17":{"start":{"line":18,"column":0},"end":{"line":18,"column":54}},"19":{"start":{"line":20,"column":0},"end":{"line":20,"column":67}},"20":{"start":{"line":21,"column":0},"end":{"line":21,"column":30}},"21":{"start":{"line":22,"column":0},"end":{"line":22,"column":14}},"22":{"start":{"line":23,"column":0},"end":{"line":23,"column":29}},"23":{"start":{"line":24,"column":0},"end":{"line":24,"column":31}},"24":{"start":{"line":25,"column":0},"end":{"line":25,"column":8}},"25":{"start":{"line":26,"column":0},"end":{"line":26,"column":4}},"27":{"start":{"line":28,"column":0},"end":{"line":28,"column":37}},"28":{"start":{"line":29,"column":0},"end":{"line":29,"column":9}},"29":{"start":{"line":30,"column":0},"end":{"line":30,"column":43}},"30":{"start":{"line":31,"column":0},"end":{"line":31,"column":17}},"31":{"start":{"line":32,"column":0},"end":{"line":32,"column":43}},"32":{"start":{"line":33,"column":0},"end":{"line":33,"column":7}},"33":{"start":{"line":34,"column":0},"end":{"line":34,"column":30}},"34":{"start":{"line":35,"column":0},"end":{"line":35,"column":59}},"35":{"start":{"line":36,"column":0},"end":{"line":36,"column":54}},"36":{"start":{"line":37,"column":0},"end":{"line":37,"column":15}},"37":{"start":{"line":38,"column":0},"end":{"line":38,"column":22}},"38":{"start":{"line":39,"column":0},"end":{"line":39,"column":19}},"39":{"start":{"line":40,"column":0},"end":{"line":40,"column":5}},"40":{"start":{"line":41,"column":0},"end":{"line":41,"column":4}},"42":{"start":{"line":43,"column":0},"end":{"line":43,"column":59}},"43":{"start":{"line":44,"column":0},"end":{"line":44,"column":23}},"45":{"start":{"line":46,"column":0},"end":{"line":46,"column":60}},"46":{"start":{"line":47,"column":0},"end":{"line":47,"column":74}},"47":{"start":{"line":48,"column":0},"end":{"line":48,"column":6}},"49":{"start":{"line":50,"column":0},"end":{"line":50,"column":66}},"50":{"start":{"line":51,"column":0},"end":{"line":51,"column":29}},"51":{"start":{"line":52,"column":0},"end":{"line":52,"column":18}},"52":{"start":{"line":53,"column":0},"end":{"line":53,"column":16}},"53":{"start":{"line":54,"column":0},"end":{"line":54,"column":40}},"54":{"start":{"line":55,"column":0},"end":{"line":55,"column":111}},"55":{"start":{"line":56,"column":0},"end":{"line":56,"column":26}},"56":{"start":{"line":57,"column":0},"end":{"line":57,"column":31}},"57":{"start":{"line":58,"column":0},"end":{"line":58,"column":41}},"58":{"start":{"line":59,"column":0},"end":{"line":59,"column":13}},"59":{"start":{"line":60,"column":0},"end":{"line":60,"column":10}},"60":{"start":{"line":61,"column":0},"end":{"line":61,"column":7}},"61":{"start":{"line":62,"column":0},"end":{"line":62,"column":6}},"63":{"start":{"line":64,"column":0},"end":{"line":64,"column":69}},"64":{"start":{"line":65,"column":0},"end":{"line":65,"column":4}},"66":{"start":{"line":67,"column":0},"end":{"line":67,"column":10}},"67":{"start":{"line":68,"column":0},"end":{"line":68,"column":10}},"68":{"start":{"line":69,"column":0},"end":{"line":69,"column":13}},"69":{"start":{"line":70,"column":0},"end":{"line":70,"column":23}},"70":{"start":{"line":71,"column":0},"end":{"line":71,"column":18}},"71":{"start":{"line":72,"column":0},"end":{"line":72,"column":4}},"72":{"start":{"line":73,"column":0},"end":{"line":73,"column":2}}},"s":{"0":1,"2":1,"3":1,"4":1,"13":1,"14":0,"17":0,"19":0,"20":0,"21":0,"22":0,"23":0,"24":0,"25":0,"27":0,"28":0,"29":0,"30":0,"31":0,"32":0,"33":0,"34":0,"35":0,"36":0,"37":0,"38":0,"39":0,"40":0,"42":0,"43":0,"45":0,"46":0,"47":0,"49":0,"50":0,"51":0,"52":0,"53":0,"54":0,"55":0,"56":0,"57":0,"58":0,"59":0,"60":0,"61":0,"63":0,"64":0,"66":0,"67":0,"68":0,"69":0,"70":0,"71":0,"72":0},"branchMap":{},"b":{},"fnMap":{"0":{"name":"useGetLocation","decl":{"start":{"line":14,"column":30},"end":{"line":73,"column":2}},"loc":{"start":{"line":14,"column":30},"end":{"line":73,"column":2}},"line":14}},"f":{"0":0}}
,"/Users/reijjo/workspace/frontend/projects/Wolt2025/src/hooks/useGetPrice.ts": {"path":"/Users/reijjo/workspace/frontend/projects/Wolt2025/src/hooks/useGetPrice.ts","all":false,"statementMap":{"2":{"start":{"line":3,"column":0},"end":{"line":3,"column":45}},"3":{"start":{"line":4,"column":0},"end":{"line":4,"column":72}},"4":{"start":{"line":5,"column":0},"end":{"line":5,"column":34}},"6":{"start":{"line":7,"column":0},"end":{"line":7,"column":62}},"7":{"start":{"line":8,"column":0},"end":{"line":8,"column":50}},"22":{"start":{"line":23,"column":0},"end":{"line":23,"column":29}},"23":{"start":{"line":24,"column":0},"end":{"line":24,"column":15}},"24":{"start":{"line":25,"column":0},"end":{"line":25,"column":12}},"25":{"start":{"line":26,"column":0},"end":{"line":26,"column":19}},"26":{"start":{"line":27,"column":0},"end":{"line":27,"column":20}},"27":{"start":{"line":28,"column":0},"end":{"line":28,"column":13}},"28":{"start":{"line":29,"column":0},"end":{"line":29,"column":16}},"29":{"start":{"line":30,"column":0},"end":{"line":30,"column":25}},"30":{"start":{"line":31,"column":0},"end":{"line":31,"column":50}},"31":{"start":{"line":32,"column":0},"end":{"line":32,"column":60}},"32":{"start":{"line":33,"column":0},"end":{"line":33,"column":39}},"33":{"start":{"line":34,"column":0},"end":{"line":34,"column":45}},"35":{"start":{"line":36,"column":0},"end":{"line":36,"column":55}},"36":{"start":{"line":37,"column":0},"end":{"line":37,"column":23}},"38":{"start":{"line":39,"column":0},"end":{"line":39,"column":54}},"39":{"start":{"line":40,"column":0},"end":{"line":40,"column":30}},"40":{"start":{"line":41,"column":0},"end":{"line":41,"column":35}},"41":{"start":{"line":42,"column":0},"end":{"line":42,"column":63}},"42":{"start":{"line":43,"column":0},"end":{"line":43,"column":13}},"43":{"start":{"line":44,"column":0},"end":{"line":44,"column":5}},"45":{"start":{"line":46,"column":0},"end":{"line":46,"column":9}},"46":{"start":{"line":47,"column":0},"end":{"line":47,"column":25}},"47":{"start":{"line":48,"column":0},"end":{"line":48,"column":26}},"49":{"start":{"line":50,"column":0},"end":{"line":50,"column":62}},"50":{"start":{"line":51,"column":0},"end":{"line":51,"column":38}},"51":{"start":{"line":52,"column":0},"end":{"line":52,"column":65}},"52":{"start":{"line":53,"column":0},"end":{"line":53,"column":7}},"54":{"start":{"line":55,"column":0},"end":{"line":55,"column":56}},"55":{"start":{"line":56,"column":0},"end":{"line":56,"column":24}},"56":{"start":{"line":57,"column":0},"end":{"line":57,"column":59}},"57":{"start":{"line":58,"column":0},"end":{"line":58,"column":7}},"59":{"start":{"line":60,"column":0},"end":{"line":60,"column":51}},"60":{"start":{"line":61,"column":0},"end":{"line":61,"column":75}},"61":{"start":{"line":62,"column":0},"end":{"line":62,"column":18}},"62":{"start":{"line":63,"column":0},"end":{"line":63,"column":41}},"63":{"start":{"line":64,"column":0},"end":{"line":64,"column":7}},"64":{"start":{"line":65,"column":0},"end":{"line":65,"column":30}},"65":{"start":{"line":66,"column":0},"end":{"line":66,"column":25}},"66":{"start":{"line":67,"column":0},"end":{"line":67,"column":59}},"67":{"start":{"line":68,"column":0},"end":{"line":68,"column":15}},"68":{"start":{"line":69,"column":0},"end":{"line":69,"column":26}},"69":{"start":{"line":70,"column":0},"end":{"line":70,"column":5}},"70":{"start":{"line":71,"column":0},"end":{"line":71,"column":4}},"72":{"start":{"line":73,"column":0},"end":{"line":73,"column":10}},"73":{"start":{"line":74,"column":0},"end":{"line":74,"column":19}},"74":{"start":{"line":75,"column":0},"end":{"line":75,"column":4}},"75":{"start":{"line":76,"column":0},"end":{"line":76,"column":2}}},"s":{"2":1,"3":1,"4":1,"6":1,"7":1,"22":1,"23":153,"24":153,"25":153,"26":153,"27":153,"28":153,"29":153,"30":153,"31":153,"32":153,"33":153,"35":153,"36":0,"38":0,"39":0,"40":0,"41":0,"42":0,"43":0,"45":0,"46":0,"47":0,"49":0,"50":0,"51":0,"52":0,"54":0,"55":0,"56":0,"57":0,"59":0,"60":0,"61":0,"62":0,"63":0,"64":0,"65":0,"66":0,"67":0,"68":0,"69":0,"70":0,"72":153,"73":153,"74":153,"75":153},"branchMap":{"0":{"type":"branch","line":23,"loc":{"start":{"line":23,"column":27},"end":{"line":76,"column":2}},"locations":[{"start":{"line":23,"column":27},"end":{"line":76,"column":2}}]}},"b":{"0":[153]},"fnMap":{"0":{"name":"useGetPrice","decl":{"start":{"line":23,"column":27},"end":{"line":76,"column":2}},"loc":{"start":{"line":23,"column":27},"end":{"line":76,"column":2}},"line":23},"1":{"name":"calculatePrice","decl":{"start":{"line":36,"column":25},"end":{"line":71,"column":4}},"loc":{"start":{"line":36,"column":25},"end":{"line":71,"column":4}},"line":36}},"f":{"0":153,"1":0}}
,"/Users/reijjo/workspace/frontend/projects/Wolt2025/src/hooks/usePriceCalculations.ts": {"path":"/Users/reijjo/workspace/frontend/projects/Wolt2025/src/hooks/usePriceCalculations.ts","all":false,"statementMap":{"0":{"start":{"line":1,"column":0},"end":{"line":1,"column":33}},"2":{"start":{"line":3,"column":0},"end":{"line":3,"column":37}},"4":{"start":{"line":5,"column":0},"end":{"line":5,"column":45}},"6":{"start":{"line":7,"column":0},"end":{"line":7,"column":34}},"7":{"start":{"line":8,"column":0},"end":{"line":8,"column":50}},"9":{"start":{"line":10,"column":0},"end":{"line":10,"column":43}},"10":{"start":{"line":11,"column":0},"end":{"line":11,"column":58}},"11":{"start":{"line":12,"column":0},"end":{"line":12,"column":75}},"12":{"start":{"line":13,"column":0},"end":{"line":13,"column":9}},"13":{"start":{"line":14,"column":0},"end":{"line":14,"column":4}},"14":{"start":{"line":15,"column":0},"end":{"line":15,"column":45}},"15":{"start":{"line":16,"column":0},"end":{"line":16,"column":54}},"16":{"start":{"line":17,"column":0},"end":{"line":17,"column":54}},"18":{"start":{"line":19,"column":0},"end":{"line":19,"column":54}},"19":{"start":{"line":20,"column":0},"end":{"line":20,"column":58}},"20":{"start":{"line":21,"column":0},"end":{"line":21,"column":35}},"21":{"start":{"line":22,"column":0},"end":{"line":22,"column":43}},"22":{"start":{"line":23,"column":0},"end":{"line":23,"column":7}},"24":{"start":{"line":25,"column":0},"end":{"line":25,"column":39}},"25":{"start":{"line":26,"column":0},"end":{"line":26,"column":72}},"26":{"start":{"line":27,"column":0},"end":{"line":27,"column":29}},"27":{"start":{"line":28,"column":0},"end":{"line":28,"column":21}},"28":{"start":{"line":29,"column":0},"end":{"line":29,"column":22}},"29":{"start":{"line":30,"column":0},"end":{"line":30,"column":76}},"30":{"start":{"line":31,"column":0},"end":{"line":31,"column":8}},"31":{"start":{"line":32,"column":0},"end":{"line":32,"column":5}},"33":{"start":{"line":34,"column":0},"end":{"line":34,"column":34}},"34":{"start":{"line":35,"column":0},"end":{"line":35,"column":26}},"36":{"start":{"line":37,"column":0},"end":{"line":37,"column":29}},"37":{"start":{"line":38,"column":0},"end":{"line":38,"column":7}},"38":{"start":{"line":39,"column":0},"end":{"line":39,"column":38}},"39":{"start":{"line":40,"column":0},"end":{"line":40,"column":40}},"40":{"start":{"line":41,"column":0},"end":{"line":41,"column":8}},"41":{"start":{"line":42,"column":0},"end":{"line":42,"column":7}},"42":{"start":{"line":43,"column":0},"end":{"line":43,"column":34}},"43":{"start":{"line":44,"column":0},"end":{"line":44,"column":35}},"44":{"start":{"line":45,"column":0},"end":{"line":45,"column":8}},"45":{"start":{"line":46,"column":0},"end":{"line":46,"column":6}},"47":{"start":{"line":48,"column":0},"end":{"line":48,"column":50}},"48":{"start":{"line":49,"column":0},"end":{"line":49,"column":4}},"50":{"start":{"line":51,"column":0},"end":{"line":51,"column":20}},"51":{"start":{"line":52,"column":0},"end":{"line":52,"column":23}},"52":{"start":{"line":53,"column":0},"end":{"line":53,"column":21}},"53":{"start":{"line":54,"column":0},"end":{"line":54,"column":25}},"54":{"start":{"line":55,"column":0},"end":{"line":55,"column":8}},"55":{"start":{"line":56,"column":0},"end":{"line":56,"column":17}},"56":{"start":{"line":57,"column":0},"end":{"line":57,"column":46}},"57":{"start":{"line":58,"column":0},"end":{"line":58,"column":40}},"58":{"start":{"line":59,"column":0},"end":{"line":59,"column":5}},"60":{"start":{"line":61,"column":0},"end":{"line":61,"column":43}},"61":{"start":{"line":62,"column":0},"end":{"line":62,"column":61}},"62":{"start":{"line":63,"column":0},"end":{"line":63,"column":69}},"64":{"start":{"line":65,"column":0},"end":{"line":65,"column":46}},"65":{"start":{"line":66,"column":0},"end":{"line":66,"column":16}},"66":{"start":{"line":67,"column":0},"end":{"line":67,"column":75}},"67":{"start":{"line":68,"column":0},"end":{"line":68,"column":6}},"69":{"start":{"line":70,"column":0},"end":{"line":70,"column":17}},"70":{"start":{"line":71,"column":0},"end":{"line":71,"column":49}},"71":{"start":{"line":72,"column":0},"end":{"line":72,"column":51}},"72":{"start":{"line":73,"column":0},"end":{"line":73,"column":5}},"74":{"start":{"line":75,"column":0},"end":{"line":75,"column":60}},"75":{"start":{"line":76,"column":0},"end":{"line":76,"column":54}},"76":{"start":{"line":77,"column":0},"end":{"line":77,"column":56}},"77":{"start":{"line":78,"column":0},"end":{"line":78,"column":5}},"79":{"start":{"line":80,"column":0},"end":{"line":80,"column":27}},"80":{"start":{"line":81,"column":0},"end":{"line":81,"column":80}},"82":{"start":{"line":83,"column":0},"end":{"line":83,"column":69}},"84":{"start":{"line":85,"column":0},"end":{"line":85,"column":29}},"85":{"start":{"line":86,"column":0},"end":{"line":86,"column":16}},"86":{"start":{"line":87,"column":0},"end":{"line":87,"column":26}},"87":{"start":{"line":88,"column":0},"end":{"line":88,"column":18}},"88":{"start":{"line":89,"column":0},"end":{"line":89,"column":33}},"89":{"start":{"line":90,"column":0},"end":{"line":90,"column":17}},"90":{"start":{"line":91,"column":0},"end":{"line":91,"column":6}},"92":{"start":{"line":93,"column":0},"end":{"line":93,"column":40}},"93":{"start":{"line":94,"column":0},"end":{"line":94,"column":44}},"94":{"start":{"line":95,"column":0},"end":{"line":95,"column":5}},"96":{"start":{"line":97,"column":0},"end":{"line":97,"column":34}},"97":{"start":{"line":98,"column":0},"end":{"line":98,"column":27}},"98":{"start":{"line":99,"column":0},"end":{"line":99,"column":4}},"100":{"start":{"line":101,"column":0},"end":{"line":101,"column":10}},"101":{"start":{"line":102,"column":0},"end":{"line":102,"column":10}},"102":{"start":{"line":103,"column":0},"end":{"line":103,"column":18}},"103":{"start":{"line":104,"column":0},"end":{"line":104,"column":17}},"104":{"start":{"line":105,"column":0},"end":{"line":105,"column":13}},"105":{"start":{"line":106,"column":0},"end":{"line":106,"column":4}},"106":{"start":{"line":107,"column":0},"end":{"line":107,"column":2}}},"s":{"0":1,"2":1,"4":1,"6":1,"7":1,"9":1,"10":154,"11":154,"12":154,"13":154,"14":154,"15":154,"16":154,"18":154,"19":19,"20":19,"21":19,"22":19,"24":19,"25":0,"26":0,"27":0,"28":0,"29":0,"30":0,"31":0,"33":19,"34":19,"36":19,"37":19,"38":19,"39":19,"40":19,"41":19,"42":19,"43":19,"44":19,"45":19,"47":19,"48":19,"50":154,"51":15,"52":15,"53":15,"54":15,"55":15,"56":0,"57":0,"58":0,"60":15,"61":15,"62":15,"64":15,"65":15,"66":41,"67":15,"69":15,"70":1,"71":1,"72":1,"74":15,"75":2,"76":2,"77":2,"79":12,"80":12,"82":12,"84":12,"85":12,"86":12,"87":12,"88":12,"89":12,"90":12,"92":15,"93":0,"94":0,"96":12,"97":12,"98":15,"100":154,"101":154,"102":154,"103":154,"104":154,"105":154,"106":154},"branchMap":{"0":{"type":"branch","line":10,"loc":{"start":{"line":10,"column":36},"end":{"line":107,"column":2}},"locations":[{"start":{"line":10,"column":36},"end":{"line":107,"column":2}}]},"1":{"type":"branch","line":19,"loc":{"start":{"line":19,"column":23},"end":{"line":49,"column":4}},"locations":[{"start":{"line":19,"column":23},"end":{"line":49,"column":4}}]},"2":{"type":"branch","line":25,"loc":{"start":{"line":25,"column":38},"end":{"line":32,"column":5}},"locations":[{"start":{"line":25,"column":38},"end":{"line":32,"column":5}}]},"3":{"type":"branch","line":51,"loc":{"start":{"line":51,"column":19},"end":{"line":99,"column":4}},"locations":[{"start":{"line":51,"column":19},"end":{"line":99,"column":4}}]},"4":{"type":"branch","line":56,"loc":{"start":{"line":56,"column":16},"end":{"line":59,"column":5}},"locations":[{"start":{"line":56,"column":16},"end":{"line":59,"column":5}}]},"5":{"type":"branch","line":70,"loc":{"start":{"line":70,"column":16},"end":{"line":73,"column":5}},"locations":[{"start":{"line":70,"column":16},"end":{"line":73,"column":5}}]},"6":{"type":"branch","line":73,"loc":{"start":{"line":73,"column":4},"end":{"line":75,"column":36}},"locations":[{"start":{"line":73,"column":4},"end":{"line":75,"column":36}}]},"7":{"type":"branch","line":75,"loc":{"start":{"line":75,"column":31},"end":{"line":75,"column":59}},"locations":[{"start":{"line":75,"column":31},"end":{"line":75,"column":59}}]},"8":{"type":"branch","line":75,"loc":{"start":{"line":75,"column":59},"end":{"line":78,"column":5}},"locations":[{"start":{"line":75,"column":59},"end":{"line":78,"column":5}}]},"9":{"type":"branch","line":78,"loc":{"start":{"line":78,"column":4},"end":{"line":93,"column":39}},"locations":[{"start":{"line":78,"column":4},"end":{"line":93,"column":39}}]},"10":{"type":"branch","line":93,"loc":{"start":{"line":93,"column":39},"end":{"line":95,"column":5}},"locations":[{"start":{"line":93,"column":39},"end":{"line":95,"column":5}}]},"11":{"type":"branch","line":95,"loc":{"start":{"line":95,"column":4},"end":{"line":98,"column":27}},"locations":[{"start":{"line":95,"column":4},"end":{"line":98,"column":27}}]},"12":{"type":"branch","line":66,"loc":{"start":{"line":66,"column":6},"end":{"line":67,"column":75}},"locations":[{"start":{"line":66,"column":6},"end":{"line":67,"column":75}}]},"13":{"type":"branch","line":67,"loc":{"start":{"line":67,"column":26},"end":{"line":67,"column":75}},"locations":[{"start":{"line":67,"column":26},"end":{"line":67,"column":75}}]},"14":{"type":"branch","line":67,"loc":{"start":{"line":67,"column":51},"end":{"line":67,"column":75}},"locations":[{"start":{"line":67,"column":51},"end":{"line":67,"column":75}}]}},"b":{"0":[154],"1":[19],"2":[0],"3":[15],"4":[0],"5":[1],"6":[14],"7":[2],"8":[2],"9":[12],"10":[0],"11":[12],"12":[41],"13":[36],"14":[24]},"fnMap":{"0":{"name":"usePriceCalculations","decl":{"start":{"line":10,"column":36},"end":{"line":107,"column":2}},"loc":{"start":{"line":10,"column":36},"end":{"line":107,"column":2}},"line":10},"1":{"name":"getOrderInfo","decl":{"start":{"line":19,"column":23},"end":{"line":49,"column":4}},"loc":{"start":{"line":19,"column":23},"end":{"line":49,"column":4}},"line":19},"2":{"name":"getPrice","decl":{"start":{"line":51,"column":19},"end":{"line":99,"column":4}},"loc":{"start":{"line":51,"column":19},"end":{"line":99,"column":4}},"line":51}},"f":{"0":154,"1":19,"2":15}}
,"/Users/reijjo/workspace/frontend/projects/Wolt2025/src/hooks/useScreenWidth.ts": {"path":"/Users/reijjo/workspace/frontend/projects/Wolt2025/src/hooks/useScreenWidth.ts","all":false,"statementMap":{"1":{"start":{"line":2,"column":0},"end":{"line":2,"column":44}},"3":{"start":{"line":4,"column":0},"end":{"line":4,"column":37}},"4":{"start":{"line":5,"column":0},"end":{"line":5,"column":50}},"6":{"start":{"line":7,"column":0},"end":{"line":7,"column":19}},"7":{"start":{"line":8,"column":0},"end":{"line":8,"column":36}},"8":{"start":{"line":9,"column":0},"end":{"line":9,"column":44}},"9":{"start":{"line":10,"column":0},"end":{"line":10,"column":6}},"11":{"start":{"line":12,"column":0},"end":{"line":12,"column":23}},"13":{"start":{"line":14,"column":0},"end":{"line":14,"column":56}},"15":{"start":{"line":16,"column":0},"end":{"line":16,"column":72}},"16":{"start":{"line":17,"column":0},"end":{"line":17,"column":9}},"18":{"start":{"line":19,"column":0},"end":{"line":19,"column":18}},"19":{"start":{"line":20,"column":0},"end":{"line":20,"column":2}}},"s":{"1":1,"3":1,"4":158,"6":158,"7":30,"8":30,"9":30,"11":30,"13":30,"15":30,"16":158,"18":158,"19":158},"branchMap":{"0":{"type":"branch","line":4,"loc":{"start":{"line":4,"column":30},"end":{"line":20,"column":2}},"locations":[{"start":{"line":4,"column":30},"end":{"line":20,"column":2}}]},"1":{"type":"branch","line":7,"loc":{"start":{"line":7,"column":12},"end":{"line":17,"column":5}},"locations":[{"start":{"line":7,"column":12},"end":{"line":17,"column":5}}]},"2":{"type":"branch","line":8,"loc":{"start":{"line":8,"column":29},"end":{"line":10,"column":6}},"locations":[{"start":{"line":8,"column":29},"end":{"line":10,"column":6}}]},"3":{"type":"branch","line":16,"loc":{"start":{"line":16,"column":11},"end":{"line":16,"column":72}},"locations":[{"start":{"line":16,"column":11},"end":{"line":16,"column":72}}]}},"b":{"0":[158],"1":[30],"2":[30],"3":[30]},"fnMap":{"0":{"name":"useScreenWidth","decl":{"start":{"line":4,"column":30},"end":{"line":20,"column":2}},"loc":{"start":{"line":4,"column":30},"end":{"line":20,"column":2}},"line":4},"1":{"name":"checkScreenWidth","decl":{"start":{"line":8,"column":29},"end":{"line":10,"column":6}},"loc":{"start":{"line":8,"column":29},"end":{"line":10,"column":6}},"line":8}},"f":{"0":158,"1":30}}
,"/Users/reijjo/workspace/frontend/projects/Wolt2025/src/hooks/useValidInputs.ts": {"path":"/Users/reijjo/workspace/frontend/projects/Wolt2025/src/hooks/useValidInputs.ts","all":false,"statementMap":{"0":{"start":{"line":1,"column":0},"end":{"line":1,"column":62}},"2":{"start":{"line":3,"column":0},"end":{"line":3,"column":37}},"3":{"start":{"line":4,"column":0},"end":{"line":4,"column":62}},"4":{"start":{"line":5,"column":0},"end":{"line":5,"column":62}},"5":{"start":{"line":6,"column":0},"end":{"line":6,"column":4}},"7":{"start":{"line":8,"column":0},"end":{"line":8,"column":57}},"8":{"start":{"line":9,"column":0},"end":{"line":9,"column":64}},"9":{"start":{"line":10,"column":0},"end":{"line":10,"column":4}},"11":{"start":{"line":12,"column":0},"end":{"line":12,"column":56}},"12":{"start":{"line":13,"column":0},"end":{"line":13,"column":36}},"13":{"start":{"line":14,"column":0},"end":{"line":14,"column":80}},"14":{"start":{"line":15,"column":0},"end":{"line":15,"column":4}},"16":{"start":{"line":17,"column":0},"end":{"line":17,"column":53}},"17":{"start":{"line":18,"column":0},"end":{"line":18,"column":35}},"18":{"start":{"line":19,"column":0},"end":{"line":19,"column":4}},"20":{"start":{"line":21,"column":0},"end":{"line":21,"column":54}},"21":{"start":{"line":22,"column":0},"end":{"line":22,"column":37}},"22":{"start":{"line":23,"column":0},"end":{"line":23,"column":4}},"24":{"start":{"line":25,"column":0},"end":{"line":25,"column":61}},"25":{"start":{"line":26,"column":0},"end":{"line":26,"column":12}},"26":{"start":{"line":27,"column":0},"end":{"line":27,"column":33}},"27":{"start":{"line":28,"column":0},"end":{"line":28,"column":22}},"28":{"start":{"line":29,"column":0},"end":{"line":29,"column":28}},"29":{"start":{"line":30,"column":0},"end":{"line":30,"column":38}},"30":{"start":{"line":31,"column":0},"end":{"line":31,"column":30}},"31":{"start":{"line":32,"column":0},"end":{"line":32,"column":35}},"32":{"start":{"line":33,"column":0},"end":{"line":33,"column":29}},"33":{"start":{"line":34,"column":0},"end":{"line":34,"column":58}},"34":{"start":{"line":35,"column":0},"end":{"line":35,"column":68}},"35":{"start":{"line":36,"column":0},"end":{"line":36,"column":60}},"36":{"start":{"line":37,"column":0},"end":{"line":37,"column":65}},"37":{"start":{"line":38,"column":0},"end":{"line":38,"column":56}},"39":{"start":{"line":40,"column":0},"end":{"line":40,"column":4}},"41":{"start":{"line":42,"column":0},"end":{"line":42,"column":50}},"42":{"start":{"line":43,"column":0},"end":{"line":43,"column":25}},"43":{"start":{"line":44,"column":0},"end":{"line":44,"column":4}},"45":{"start":{"line":46,"column":0},"end":{"line":46,"column":40}},"46":{"start":{"line":47,"column":0},"end":{"line":47,"column":41}},"47":{"start":{"line":48,"column":0},"end":{"line":48,"column":40}},"48":{"start":{"line":49,"column":0},"end":{"line":49,"column":4}},"50":{"start":{"line":51,"column":0},"end":{"line":51,"column":54}},"51":{"start":{"line":52,"column":0},"end":{"line":52,"column":49}},"53":{"start":{"line":54,"column":0},"end":{"line":54,"column":38}},"54":{"start":{"line":55,"column":0},"end":{"line":55,"column":44}},"55":{"start":{"line":56,"column":0},"end":{"line":56,"column":15}},"56":{"start":{"line":57,"column":0},"end":{"line":57,"column":62}},"57":{"start":{"line":58,"column":0},"end":{"line":58,"column":58}},"58":{"start":{"line":59,"column":0},"end":{"line":59,"column":7}},"59":{"start":{"line":60,"column":0},"end":{"line":60,"column":50}},"60":{"start":{"line":61,"column":0},"end":{"line":61,"column":5}},"62":{"start":{"line":63,"column":0},"end":{"line":63,"column":51}},"63":{"start":{"line":64,"column":0},"end":{"line":64,"column":35}},"64":{"start":{"line":65,"column":0},"end":{"line":65,"column":47}},"65":{"start":{"line":66,"column":0},"end":{"line":66,"column":47}},"66":{"start":{"line":67,"column":0},"end":{"line":67,"column":49}},"67":{"start":{"line":68,"column":0},"end":{"line":68,"column":45}},"68":{"start":{"line":69,"column":0},"end":{"line":69,"column":50}},"69":{"start":{"line":70,"column":0},"end":{"line":70,"column":43}},"70":{"start":{"line":71,"column":0},"end":{"line":71,"column":56}},"71":{"start":{"line":72,"column":0},"end":{"line":72,"column":12}},"72":{"start":{"line":73,"column":0},"end":{"line":73,"column":47}},"73":{"start":{"line":74,"column":0},"end":{"line":74,"column":32}},"74":{"start":{"line":75,"column":0},"end":{"line":75,"column":49}},"75":{"start":{"line":76,"column":0},"end":{"line":76,"column":7}},"76":{"start":{"line":77,"column":0},"end":{"line":77,"column":5}},"78":{"start":{"line":79,"column":0},"end":{"line":79,"column":55}},"79":{"start":{"line":80,"column":0},"end":{"line":80,"column":36}},"80":{"start":{"line":81,"column":0},"end":{"line":81,"column":58}},"81":{"start":{"line":82,"column":0},"end":{"line":82,"column":45}},"82":{"start":{"line":83,"column":0},"end":{"line":83,"column":56}},"83":{"start":{"line":84,"column":0},"end":{"line":84,"column":5}},"85":{"start":{"line":86,"column":0},"end":{"line":86,"column":56}},"86":{"start":{"line":87,"column":0},"end":{"line":87,"column":36}},"87":{"start":{"line":88,"column":0},"end":{"line":88,"column":60}},"88":{"start":{"line":89,"column":0},"end":{"line":89,"column":46}},"89":{"start":{"line":90,"column":0},"end":{"line":90,"column":58}},"90":{"start":{"line":91,"column":0},"end":{"line":91,"column":5}},"92":{"start":{"line":93,"column":0},"end":{"line":93,"column":12}},"93":{"start":{"line":94,"column":0},"end":{"line":94,"column":48}},"94":{"start":{"line":95,"column":0},"end":{"line":95,"column":13}},"95":{"start":{"line":96,"column":0},"end":{"line":96,"column":6}},"96":{"start":{"line":97,"column":0},"end":{"line":97,"column":4}},"98":{"start":{"line":99,"column":0},"end":{"line":99,"column":10}},"99":{"start":{"line":100,"column":0},"end":{"line":100,"column":16}},"100":{"start":{"line":101,"column":0},"end":{"line":101,"column":14}},"101":{"start":{"line":102,"column":0},"end":{"line":102,"column":23}},"102":{"start":{"line":103,"column":0},"end":{"line":103,"column":4}},"103":{"start":{"line":104,"column":0},"end":{"line":104,"column":2}}},"s":{"0":1,"2":1,"3":469,"4":262,"5":262,"7":469,"8":131,"9":131,"11":469,"12":128,"13":128,"14":128,"16":469,"17":130,"18":130,"20":469,"21":131,"22":131,"24":469,"25":20,"26":20,"27":20,"28":17,"29":17,"30":16,"31":16,"32":16,"33":16,"34":16,"35":16,"36":16,"37":16,"39":20,"41":469,"42":262,"43":262,"45":469,"46":207,"47":207,"48":207,"50":469,"51":131,"53":131,"54":1,"55":1,"56":130,"57":83,"58":130,"59":83,"60":83,"62":131,"63":131,"64":3,"65":131,"66":6,"67":128,"68":87,"69":122,"70":0,"71":35,"72":35,"73":35,"74":0,"75":0,"76":35,"78":131,"79":131,"80":1,"81":131,"82":2,"83":2,"85":131,"86":131,"87":0,"88":131,"89":1,"90":1,"92":131,"93":131,"94":131,"95":131,"96":131,"98":469,"99":469,"100":469,"101":469,"102":469,"103":469},"branchMap":{"0":{"type":"branch","line":3,"loc":{"start":{"line":3,"column":30},"end":{"line":104,"column":2}},"locations":[{"start":{"line":3,"column":30},"end":{"line":104,"column":2}}]},"1":{"type":"branch","line":4,"loc":{"start":{"line":4,"column":24},"end":{"line":6,"column":4}},"locations":[{"start":{"line":4,"column":24},"end":{"line":6,"column":4}}]},"2":{"type":"branch","line":8,"loc":{"start":{"line":8,"column":19},"end":{"line":10,"column":4}},"locations":[{"start":{"line":8,"column":19},"end":{"line":10,"column":4}}]},"3":{"type":"branch","line":12,"loc":{"start":{"line":12,"column":27},"end":{"line":15,"column":4}},"locations":[{"start":{"line":12,"column":27},"end":{"line":15,"column":4}}]},"4":{"type":"branch","line":14,"loc":{"start":{"line":14,"column":31},"end":{"line":14,"column":59}},"locations":[{"start":{"line":14,"column":31},"end":{"line":14,"column":59}}]},"5":{"type":"branch","line":14,"loc":{"start":{"line":14,"column":53},"end":{"line":14,"column":80}},"locations":[{"start":{"line":14,"column":53},"end":{"line":14,"column":80}}]},"6":{"type":"branch","line":17,"loc":{"start":{"line":17,"column":26},"end":{"line":19,"column":4}},"locations":[{"start":{"line":17,"column":26},"end":{"line":19,"column":4}}]},"7":{"type":"branch","line":18,"loc":{"start":{"line":18,"column":18},"end":{"line":18,"column":35}},"locations":[{"start":{"line":18,"column":18},"end":{"line":18,"column":35}}]},"8":{"type":"branch","line":21,"loc":{"start":{"line":21,"column":27},"end":{"line":23,"column":4}},"locations":[{"start":{"line":21,"column":27},"end":{"line":23,"column":4}}]},"9":{"type":"branch","line":25,"loc":{"start":{"line":25,"column":22},"end":{"line":40,"column":4}},"locations":[{"start":{"line":25,"column":22},"end":{"line":40,"column":4}}]},"10":{"type":"branch","line":28,"loc":{"start":{"line":28,"column":15},"end":{"line":29,"column":28}},"locations":[{"start":{"line":28,"column":15},"end":{"line":29,"column":28}}]},"11":{"type":"branch","line":29,"loc":{"start":{"line":29,"column":21},"end":{"line":30,"column":38}},"locations":[{"start":{"line":29,"column":21},"end":{"line":30,"column":38}}]},"12":{"type":"branch","line":30,"loc":{"start":{"line":30,"column":31},"end":{"line":31,"column":30}},"locations":[{"start":{"line":30,"column":31},"end":{"line":31,"column":30}}]},"13":{"type":"branch","line":31,"loc":{"start":{"line":31,"column":23},"end":{"line":32,"column":35}},"locations":[{"start":{"line":31,"column":23},"end":{"line":32,"column":35}}]},"14":{"type":"branch","line":32,"loc":{"start":{"line":32,"column":28},"end":{"line":33,"column":29}},"locations":[{"start":{"line":32,"column":28},"end":{"line":33,"column":29}}]},"15":{"type":"branch","line":33,"loc":{"start":{"line":33,"column":22},"end":{"line":34,"column":58}},"locations":[{"start":{"line":33,"column":22},"end":{"line":34,"column":58}}]},"16":{"type":"branch","line":34,"loc":{"start":{"line":34,"column":47},"end":{"line":35,"column":68}},"locations":[{"start":{"line":34,"column":47},"end":{"line":35,"column":68}}]},"17":{"type":"branch","line":35,"loc":{"start":{"line":35,"column":57},"end":{"line":36,"column":60}},"locations":[{"start":{"line":35,"column":57},"end":{"line":36,"column":60}}]},"18":{"type":"branch","line":36,"loc":{"start":{"line":36,"column":49},"end":{"line":37,"column":65}},"locations":[{"start":{"line":36,"column":49},"end":{"line":37,"column":65}}]},"19":{"type":"branch","line":37,"loc":{"start":{"line":37,"column":54},"end":{"line":38,"column":56}},"locations":[{"start":{"line":37,"column":54},"end":{"line":38,"column":56}}]},"20":{"type":"branch","line":42,"loc":{"start":{"line":42,"column":22},"end":{"line":44,"column":4}},"locations":[{"start":{"line":42,"column":22},"end":{"line":44,"column":4}}]},"21":{"type":"branch","line":46,"loc":{"start":{"line":46,"column":20},"end":{"line":49,"column":4}},"locations":[{"start":{"line":46,"column":20},"end":{"line":49,"column":4}}]},"22":{"type":"branch","line":51,"loc":{"start":{"line":51,"column":29},"end":{"line":97,"column":4}},"locations":[{"start":{"line":51,"column":29},"end":{"line":97,"column":4}}]},"23":{"type":"branch","line":54,"loc":{"start":{"line":54,"column":37},"end":{"line":56,"column":15}},"locations":[{"start":{"line":54,"column":37},"end":{"line":56,"column":15}}]},"24":{"type":"branch","line":56,"loc":{"start":{"line":56,"column":4},"end":{"line":61,"column":5}},"locations":[{"start":{"line":56,"column":4},"end":{"line":61,"column":5}}]},"25":{"type":"branch","line":57,"loc":{"start":{"line":57,"column":27},"end":{"line":58,"column":58}},"locations":[{"start":{"line":57,"column":27},"end":{"line":58,"column":58}}]},"26":{"type":"branch","line":59,"loc":{"start":{"line":59,"column":6},"end":{"line":61,"column":5}},"locations":[{"start":{"line":59,"column":6},"end":{"line":61,"column":5}}]},"27":{"type":"branch","line":64,"loc":{"start":{"line":64,"column":34},"end":{"line":66,"column":15}},"locations":[{"start":{"line":64,"column":34},"end":{"line":66,"column":15}}]},"28":{"type":"branch","line":66,"loc":{"start":{"line":66,"column":4},"end":{"line":77,"column":5}},"locations":[{"start":{"line":66,"column":4},"end":{"line":77,"column":5}}]},"29":{"type":"branch","line":66,"loc":{"start":{"line":66,"column":46},"end":{"line":68,"column":15}},"locations":[{"start":{"line":66,"column":46},"end":{"line":68,"column":15}}]},"30":{"type":"branch","line":68,"loc":{"start":{"line":68,"column":4},"end":{"line":77,"column":5}},"locations":[{"start":{"line":68,"column":4},"end":{"line":77,"column":5}}]},"31":{"type":"branch","line":68,"loc":{"start":{"line":68,"column":44},"end":{"line":70,"column":15}},"locations":[{"start":{"line":68,"column":44},"end":{"line":70,"column":15}}]},"32":{"type":"branch","line":70,"loc":{"start":{"line":70,"column":4},"end":{"line":77,"column":5}},"locations":[{"start":{"line":70,"column":4},"end":{"line":77,"column":5}}]},"33":{"type":"branch","line":70,"loc":{"start":{"line":70,"column":42},"end":{"line":72,"column":11}},"locations":[{"start":{"line":70,"column":42},"end":{"line":72,"column":11}}]},"34":{"type":"branch","line":74,"loc":{"start":{"line":74,"column":31},"end":{"line":76,"column":7}},"locations":[{"start":{"line":74,"column":31},"end":{"line":76,"column":7}}]},"35":{"type":"branch","line":80,"loc":{"start":{"line":80,"column":35},"end":{"line":82,"column":15}},"locations":[{"start":{"line":80,"column":35},"end":{"line":82,"column":15}}]},"36":{"type":"branch","line":82,"loc":{"start":{"line":82,"column":4},"end":{"line":84,"column":5}},"locations":[{"start":{"line":82,"column":4},"end":{"line":84,"column":5}}]},"37":{"type":"branch","line":82,"loc":{"start":{"line":82,"column":44},"end":{"line":84,"column":5}},"locations":[{"start":{"line":82,"column":44},"end":{"line":84,"column":5}}]},"38":{"type":"branch","line":87,"loc":{"start":{"line":87,"column":35},"end":{"line":89,"column":15}},"locations":[{"start":{"line":87,"column":35},"end":{"line":89,"column":15}}]},"39":{"type":"branch","line":89,"loc":{"start":{"line":89,"column":45},"end":{"line":91,"column":5}},"locations":[{"start":{"line":89,"column":45},"end":{"line":91,"column":5}}]}},"b":{"0":[469],"1":[262],"2":[131],"3":[128],"4":[127],"5":[122],"6":[130],"7":[129],"8":[131],"9":[20],"10":[17],"11":[17],"12":[16],"13":[16],"14":[16],"15":[16],"16":[16],"17":[16],"18":[16],"19":[16],"20":[262],"21":[207],"22":[131],"23":[1],"24":[130],"25":[83],"26":[83],"27":[3],"28":[128],"29":[6],"30":[122],"31":[87],"32":[35],"33":[0],"34":[0],"35":[1],"36":[130],"37":[2],"38":[0],"39":[1]},"fnMap":{"0":{"name":"useValidInputs","decl":{"start":{"line":3,"column":30},"end":{"line":104,"column":2}},"loc":{"start":{"line":3,"column":30},"end":{"line":104,"column":2}},"line":3},"1":{"name":"isValidNumber","decl":{"start":{"line":4,"column":24},"end":{"line":6,"column":4}},"loc":{"start":{"line":4,"column":24},"end":{"line":6,"column":4}},"line":4},"2":{"name":"isString","decl":{"start":{"line":8,"column":19},"end":{"line":10,"column":4}},"loc":{"start":{"line":8,"column":19},"end":{"line":10,"column":4}},"line":8},"3":{"name":"isValidCartInput","decl":{"start":{"line":12,"column":27},"end":{"line":15,"column":4}},"loc":{"start":{"line":12,"column":27},"end":{"line":15,"column":4}},"line":12},"4":{"name":"isValidLatitude","decl":{"start":{"line":17,"column":26},"end":{"line":19,"column":4}},"loc":{"start":{"line":17,"column":26},"end":{"line":19,"column":4}},"line":17},"5":{"name":"isValidLongitude","decl":{"start":{"line":21,"column":27},"end":{"line":23,"column":4}},"loc":{"start":{"line":21,"column":27},"end":{"line":23,"column":4}},"line":21},"6":{"name":"isPriceData","decl":{"start":{"line":25,"column":22},"end":{"line":40,"column":4}},"loc":{"start":{"line":25,"column":22},"end":{"line":40,"column":4}},"line":25},"7":{"name":"parseNumber","decl":{"start":{"line":42,"column":22},"end":{"l
[...]
s":[{"start":{"line":43,"column":26},"end":{"line":43,"column":42}}]},"6":{"type":"branch","line":48,"loc":{"start":{"line":48,"column":29},"end":{"line":48,"column":50}},"locations":[{"start":{"line":48,"column":29},"end":{"line":48,"column":50}}]},"7":{"type":"branch","line":48,"loc":{"start":{"line":48,"column":41},"end":{"line":48,"column":58}},"locations":[{"start":{"line":48,"column":41},"end":{"line":48,"column":58}}]},"8":{"type":"branch","line":49,"loc":{"start":{"line":49,"column":33},"end":{"line":49,"column":65}},"locations":[{"start":{"line":49,"column":33},"end":{"line":49,"column":65}}]},"9":{"type":"branch","line":49,"loc":{"start":{"line":49,"column":45},"end":{"line":49,"column":68}},"locations":[{"start":{"line":49,"column":45},"end":{"line":49,"column":68}}]},"10":{"type":"branch","line":59,"loc":{"start":{"line":59,"column":28},"end":{"line":59,"column":47}},"locations":[{"start":{"line":59,"column":28},"end":{"line":59,"column":47}}]},"11":{"type":"branch","line":65,"loc":{"start":{"line":65,"column":31},"end":{"line":65,"column":55}},"locations":[{"start":{"line":65,"column":31},"end":{"line":65,"column":55}}]},"12":{"type":"branch","line":65,"loc":{"start":{"line":65,"column":46},"end":{"line":65,"column":63}},"locations":[{"start":{"line":65,"column":46},"end":{"line":65,"column":63}}]},"13":{"type":"branch","line":66,"loc":{"start":{"line":66,"column":35},"end":{"line":66,"column":73}},"locations":[{"start":{"line":66,"column":35},"end":{"line":66,"column":73}}]},"14":{"type":"branch","line":66,"loc":{"start":{"line":66,"column":50},"end":{"line":66,"column":76}},"locations":[{"start":{"line":66,"column":50},"end":{"line":66,"column":76}}]},"15":{"type":"branch","line":74,"loc":{"start":{"line":74,"column":28},"end":{"line":74,"column":48}},"locations":[{"start":{"line":74,"column":28},"end":{"line":74,"column":48}}]},"16":{"type":"branch","line":80,"loc":{"start":{"line":80,"column":31},"end":{"line":80,"column":56}},"locations":[{"start":{"line":80,"column":31},"end":{"line":80,"column":56}}]},"17":{"type":"branch","line":81,"loc":{"start":{"line":81,"column":35},"end":{"line":81,"column":75}},"locations":[{"start":{"line":81,"column":35},"end":{"line":81,"column":75}}]}},"b":{"0":[153],"1":[64],"2":[89],"3":[64],"4":[89],"5":[120],"6":[9],"7":[144],"8":[9],"9":[144],"10":[128],"11":[2],"12":[151],"13":[2],"14":[151],"15":[141],"16":[0],"17":[0]},"fnMap":{"0":{"name":"FormInputs","decl":{"start":{"line":12,"column":26},"end":{"line":86,"column":2}},"loc":{"start":{"line":12,"column":26},"end":{"line":86,"column":2}},"line":12}},"f":{"0":153}}
,"/Users/reijjo/workspace/frontend/projects/Wolt2025/src/pages/homepage/PriceBreakdown/PriceBreakdown.tsx": {"path":"/Users/reijjo/workspace/frontend/projects/Wolt2025/src/pages/homepage/PriceBreakdown/PriceBreakdown.tsx","all":false,"statementMap":{"0":{"start":{"line":1,"column":0},"end":{"line":1,"column":30}},"2":{"start":{"line":3,"column":0},"end":{"line":3,"column":53}},"3":{"start":{"line":4,"column":0},"end":{"line":4,"column":45}},"4":{"start":{"line":5,"column":0},"end":{"line":5,"column":51}},"5":{"start":{"line":6,"column":0},"end":{"line":6,"column":63}},"6":{"start":{"line":7,"column":0},"end":{"line":7,"column":74}},"8":{"start":{"line":9,"column":0},"end":{"line":9,"column":37}},"9":{"start":{"line":10,"column":0},"end":{"line":10,"column":56}},"10":{"start":{"line":11,"column":0},"end":{"line":11,"column":43}},"12":{"start":{"line":13,"column":0},"end":{"line":13,"column":69}},"14":{"start":{"line":15,"column":0},"end":{"line":15,"column":34}},"15":{"start":{"line":16,"column":0},"end":{"line":16,"column":23}},"16":{"start":{"line":17,"column":0},"end":{"line":17,"column":4}},"18":{"start":{"line":19,"column":0},"end":{"line":19,"column":10}},"19":{"start":{"line":20,"column":0},"end":{"line":20,"column":8}},"20":{"start":{"line":21,"column":0},"end":{"line":21,"column":33}},"21":{"start":{"line":22,"column":0},"end":{"line":22,"column":19}},"22":{"start":{"line":23,"column":0},"end":{"line":23,"column":42}},"24":{"start":{"line":25,"column":0},"end":{"line":25,"column":39}},"25":{"start":{"line":26,"column":0},"end":{"line":26,"column":76}},"26":{"start":{"line":27,"column":0},"end":{"line":27,"column":16}},"28":{"start":{"line":29,"column":0},"end":{"line":29,"column":43}},"29":{"start":{"line":30,"column":0},"end":{"line":30,"column":52}},"31":{"start":{"line":32,"column":0},"end":{"line":32,"column":13}},"32":{"start":{"line":33,"column":0},"end":{"line":33,"column":12}},"33":{"start":{"line":34,"column":0},"end":{"line":34,"column":39}},"34":{"start":{"line":35,"column":0},"end":{"line":35,"column":43}},"35":{"start":{"line":36,"column":0},"end":{"line":36,"column":21}},"37":{"start":{"line":38,"column":0},"end":{"line":38,"column":55}},"38":{"start":{"line":39,"column":0},"end":{"line":39,"column":31}},"39":{"start":{"line":40,"column":0},"end":{"line":40,"column":19}},"40":{"start":{"line":41,"column":0},"end":{"line":41,"column":36}},"41":{"start":{"line":42,"column":0},"end":{"line":42,"column":18}},"42":{"start":{"line":43,"column":0},"end":{"line":43,"column":44}},"43":{"start":{"line":44,"column":0},"end":{"line":44,"column":25}},"44":{"start":{"line":45,"column":0},"end":{"line":45,"column":46}},"45":{"start":{"line":46,"column":0},"end":{"line":46,"column":31}},"46":{"start":{"line":47,"column":0},"end":{"line":47,"column":28}},"48":{"start":{"line":49,"column":0},"end":{"line":49,"column":72}},"49":{"start":{"line":50,"column":0},"end":{"line":50,"column":21}},"50":{"start":{"line":51,"column":0},"end":{"line":51,"column":40}},"51":{"start":{"line":52,"column":0},"end":{"line":52,"column":78}},"53":{"start":{"line":54,"column":0},"end":{"line":54,"column":43}},"54":{"start":{"line":55,"column":0},"end":{"line":55,"column":23}},"55":{"start":{"line":56,"column":0},"end":{"line":56,"column":20}},"56":{"start":{"line":57,"column":0},"end":{"line":57,"column":15}},"57":{"start":{"line":58,"column":0},"end":{"line":58,"column":14}},"58":{"start":{"line":59,"column":0},"end":{"line":59,"column":15}},"59":{"start":{"line":60,"column":0},"end":{"line":60,"column":36}},"60":{"start":{"line":61,"column":0},"end":{"line":61,"column":23}},"61":{"start":{"line":62,"column":0},"end":{"line":62,"column":33}},"62":{"start":{"line":63,"column":0},"end":{"line":63,"column":36}},"63":{"start":{"line":64,"column":0},"end":{"line":64,"column":10}},"64":{"start":{"line":65,"column":0},"end":{"line":65,"column":12}},"65":{"start":{"line":66,"column":0},"end":{"line":66,"column":10}},"67":{"start":{"line":68,"column":0},"end":{"line":68,"column":2}}},"s":{"0":1,"2":1,"3":1,"4":1,"5":1,"6":1,"8":1,"9":8,"10":8,"12":8,"14":8,"15":0,"16":0,"18":8,"19":8,"20":8,"21":8,"22":8,"24":8,"25":8,"26":8,"28":8,"29":8,"31":8,"32":8,"33":8,"34":8,"35":8,"37":8,"38":8,"39":8,"40":8,"41":40,"42":40,"43":40,"44":40,"45":40,"46":40,"48":40,"49":40,"50":40,"51":40,"53":40,"54":40,"55":40,"56":8,"57":8,"58":8,"59":8,"60":8,"61":8,"62":8,"63":8,"64":8,"65":8,"67":8},"branchMap":{"0":{"type":"branch","line":9,"loc":{"start":{"line":9,"column":30},"end":{"line":68,"column":2}},"locations":[{"start":{"line":9,"column":30},"end":{"line":68,"column":2}}]},"1":{"type":"branch","line":13,"loc":{"start":{"line":13,"column":36},"end":{"line":13,"column":52}},"locations":[{"start":{"line":13,"column":36},"end":{"line":13,"column":52}}]},"2":{"type":"branch","line":13,"loc":{"start":{"line":13,"column":40},"end":{"line":13,"column":69}},"locations":[{"start":{"line":13,"column":40},"end":{"line":13,"column":69}}]},"3":{"type":"branch","line":41,"loc":{"start":{"line":41,"column":17},"end":{"line":56,"column":20}},"locations":[{"start":{"line":41,"column":17},"end":{"line":56,"column":20}}]}},"b":{"0":[8],"1":[4],"2":[4],"3":[40]},"fnMap":{"0":{"name":"PriceBreakdown","decl":{"start":{"line":9,"column":30},"end":{"line":68,"column":2}},"loc":{"start":{"line":9,"column":30},"end":{"line":68,"column":2}},"line":9},"1":{"name":"handleOrderAgain","decl":{"start":{"line":15,"column":27},"end":{"line":17,"column":4}},"loc":{"start":{"line":15,"column":27},"end":{"line":17,"column":4}},"line":15}},"f":{"0":8,"1":0}}
,"/Users/reijjo/workspace/frontend/projects/Wolt2025/src/tests/mockData.ts": {"path":"/Users/reijjo/workspace/frontend/projects/Wolt2025/src/tests/mockData.ts","all":false,"statementMap":{"0":{"start":{"line":1,"column":0},"end":{"line":1,"column":31}},"1":{"start":{"line":2,"column":0},"end":{"line":2,"column":20}},"2":{"start":{"line":3,"column":0},"end":{"line":3,"column":12}},"3":{"start":{"line":4,"column":0},"end":{"line":4,"column":19}},"4":{"start":{"line":5,"column":0},"end":{"line":5,"column":21}},"5":{"start":{"line":6,"column":0},"end":{"line":6,"column":51}},"6":{"start":{"line":7,"column":0},"end":{"line":7,"column":56}},"7":{"start":{"line":8,"column":0},"end":{"line":8,"column":57}},"8":{"start":{"line":9,"column":0},"end":{"line":9,"column":57}},"9":{"start":{"line":10,"column":0},"end":{"line":10,"column":52}},"10":{"start":{"line":11,"column":0},"end":{"line":11,"column":6}},"11":{"start":{"line":12,"column":0},"end":{"line":12,"column":4}},"12":{"start":{"line":13,"column":0},"end":{"line":13,"column":2}},"14":{"start":{"line":15,"column":0},"end":{"line":15,"column":39}},"15":{"start":{"line":16,"column":0},"end":{"line":16,"column":19}},"16":{"start":{"line":17,"column":0},"end":{"line":17,"column":19}},"17":{"start":{"line":18,"column":0},"end":{"line":18,"column":2}}},"s":{"0":1,"1":1,"2":1,"3":1,"4":1,"5":1,"6":1,"7":1,"8":1,"9":1,"10":1,"11":1,"12":1,"14":1,"15":1,"16":1,"17":1},"branchMap":{},"b":{},"fnMap":{},"f":{}}
,"/Users/reijjo/workspace/frontend/projects/Wolt2025/src/tests/utils.ts": {"path":"/Users/reijjo/workspace/frontend/projects/Wolt2025/src/tests/utils.ts","all":false,"statementMap":{"0":{"start":{"line":1,"column":0},"end":{"line":1,"column":48}},"4":{"start":{"line":5,"column":0},"end":{"line":5,"column":45}},"5":{"start":{"line":6,"column":0},"end":{"line":6,"column":67}},"6":{"start":{"line":7,"column":0},"end":{"line":7,"column":2}},"8":{"start":{"line":9,"column":0},"end":{"line":9,"column":67}},"9":{"start":{"line":10,"column":0},"end":{"line":10,"column":51}},"10":{"start":{"line":11,"column":0},"end":{"line":11,"column":33}},"12":{"start":{"line":13,"column":0},"end":{"line":13,"column":58}},"13":{"start":{"line":14,"column":0},"end":{"line":14,"column":27}},"14":{"start":{"line":15,"column":0},"end":{"line":15,"column":4}},"15":{"start":{"line":16,"column":0},"end":{"line":16,"column":59}},"16":{"start":{"line":17,"column":0},"end":{"line":17,"column":2}},"18":{"start":{"line":19,"column":0},"end":{"line":19,"column":42}},"19":{"start":{"line":20,"column":0},"end":{"line":20,"column":46}},"20":{"start":{"line":21,"column":0},"end":{"line":21,"column":16}},"21":{"start":{"line":22,"column":0},"end":{"line":22,"column":24}},"22":{"start":{"line":23,"column":0},"end":{"line":23,"column":25}},"23":{"start":{"line":24,"column":0},"end":{"line":24,"column":2}}},"s":{"0":1,"4":1,"5":27,"6":27,"8":1,"9":5,"10":5,"12":5,"13":5,"14":5,"15":5,"16":5,"18":1,"19":1,"20":1,"21":1,"22":1,"23":1},"branchMap":{"0":{"type":"branch","line":5,"loc":{"start":{"line":5,"column":28},"end":{"line":7,"column":2}},"locations":[{"start":{"line":5,"column":28},"end":{"line":7,"column":2}}]},"1":{"type":"branch","line":9,"loc":{"start":{"line":9,"column":28},"end":{"line":17,"column":2}},"locations":[{"start":{"line":9,"column":28},"end":{"line":17,"column":2}}]},"2":{"type":"branch","line":11,"loc":{"start":{"line":11,"column":21},"end":{"line":11,"column":33}},"locations":[{"start":{"line":11,"column":21},"end":{"line":11,"column":33}}]},"3":{"type":"branch","line":16,"loc":{"start":{"line":16,"column":9},"end":{"line":16,"column":54}},"locations":[{"start":{"line":16,"column":9},"end":{"line":16,"column":54}}]}},"b":{"0":[27],"1":[5],"2":[0],"3":[0]},"fnMap":{"0":{"name":"customTestId","decl":{"start":{"line":5,"column":28},"end":{"line":7,"column":2}},"loc":{"start":{"line":5,"column":28},"end":{"line":7,"column":2}},"line":5},"1":{"name":"findRawValue","decl":{"start":{"line":9,"column":28},"end":{"line":17,"column":2}},"loc":{"start":{"line":9,"column":28},"end":{"line":17,"column":2}},"line":9}},"f":{"0":27,"1":5}}
,"/Users/reijjo/workspace/frontend/projects/Wolt2025/src/utils/defaults.ts": {"path":"/Users/reijjo/workspace/frontend/projects/Wolt2025/src/utils/defaults.ts","all":false,"statementMap":{"0":{"start":{"line":1,"column":0},"end":{"line":1,"column":34}},"1":{"start":{"line":2,"column":0},"end":{"line":2,"column":46}},"2":{"start":{"line":3,"column":0},"end":{"line":3,"column":15}},"3":{"start":{"line":4,"column":0},"end":{"line":4,"column":18}},"4":{"start":{"line":5,"column":0},"end":{"line":5,"column":19}},"5":{"start":{"line":6,"column":0},"end":{"line":6,"column":2}},"7":{"start":{"line":8,"column":0},"end":{"line":8,"column":33}},"8":{"start":{"line":9,"column":0},"end":{"line":9,"column":18}},"9":{"start":{"line":10,"column":0},"end":{"line":10,"column":28}},"10":{"start":{"line":11,"column":0},"end":{"line":11,"column":20}},"11":{"start":{"line":12,"column":0},"end":{"line":12,"column":25}},"12":{"start":{"line":13,"column":0},"end":{"line":13,"column":19}},"13":{"start":{"line":14,"column":0},"end":{"line":14,"column":2}},"15":{"start":{"line":16,"column":0},"end":{"line":16,"column":28}},"16":{"start":{"line":17,"column":0},"end":{"line":17,"column":34}},"17":{"start":{"line":18,"column":0},"end":{"line":18,"column":107}},"18":{"start":{"line":19,"column":0},"end":{"line":19,"column":33}},"19":{"start":{"line":20,"column":0},"end":{"line":20,"column":38}},"20":{"start":{"line":21,"column":0},"end":{"line":21,"column":44}},"21":{"start":{"line":22,"column":0},"end":{"line":22,"column":45}},"22":{"start":{"line":23,"column":0},"end":{"line":23,"column":34}},"23":{"start":{"line":24,"column":0},"end":{"line":24,"column":49}},"24":{"start":{"line":25,"column":0},"end":{"line":25,"column":57}},"25":{"start":{"line":26,"column":0},"end":{"line":26,"column":51}},"26":{"start":{"line":27,"column":0},"end":{"line":27,"column":61}},"27":{"start":{"line":28,"column":0},"end":{"line":28,"column":2}}},"s":{"0":1,"1":1,"2":1,"3":1,"4":1,"5":1,"7":1,"8":1,"9":1,"10":1,"11":1,"12":1,"13":1,"15":1,"16":1,"17":1,"18":1,"19":1,"20":1,"21":1,"22":1,"23":1,"24":1,"25":1,"26":1,"27":1},"branchMap":{},"b":{},"fnMap":{},"f":{}}
,"/Users/reijjo/workspace/frontend/projects/Wolt2025/src/utils/helperFunctions.ts": {"path":"/Users/reijjo/workspace/frontend/projects/Wolt2025/src/utils/helperFunctions.ts","all":false,"statementMap":{"0":{"start":{"line":1,"column":0},"end":{"line":1,"column":54}},"1":{"start":{"line":2,"column":0},"end":{"line":2,"column":35}},"2":{"start":{"line":3,"column":0},"end":{"line":3,"column":41}},"3":{"start":{"line":4,"column":0},"end":{"line":4,"column":2}},"5":{"start":{"line":6,"column":0},"end":{"line":6,"column":60}},"6":{"start":{"line":7,"column":0},"end":{"line":7,"column":56}},"7":{"start":{"line":8,"column":0},"end":{"line":8,"column":25}},"8":{"start":{"line":9,"column":0},"end":{"line":9,"column":42}},"9":{"start":{"line":10,"column":0},"end":{"line":10,"column":22}},"10":{"start":{"line":11,"column":0},"end":{"line":11,"column":2}},"12":{"start":{"line":13,"column":0},"end":{"line":13,"column":60}},"13":{"start":{"line":14,"column":0},"end":{"line":14,"column":35}},"14":{"start":{"line":15,"column":0},"end":{"line":15,"column":32}},"15":{"start":{"line":16,"column":0},"end":{"line":16,"column":3}},"16":{"start":{"line":17,"column":0},"end":{"line":17,"column":27}},"17":{"start":{"line":18,"column":0},"end":{"line":18,"column":2}},"19":{"start":{"line":20,"column":0},"end":{"line":20,"column":44}},"20":{"start":{"line":21,"column":0},"end":{"line":21,"column":58}},"21":{"start":{"line":22,"column":0},"end":{"line":22,"column":76}},"22":{"start":{"line":23,"column":0},"end":{"line":23,"column":2}}},"s":{"0":1,"1":64,"2":52,"3":52,"5":1,"6":16,"7":6,"8":2,"9":4,"10":16,"12":1,"13":80,"14":16,"15":16,"16":64,"17":64,"19":1,"20":80,"21":80,"22":80},"branchMap":{"0":{"type":"branch","line":1,"loc":{"start":{"line":1,"column":26},"end":{"line":4,"column":2}},"locations":[{"start":{"line":1,"column":26},"end":{"line":4,"column":2}}]},"1":{"type":"branch","line":2,"loc":{"start":{"line":2,"column":19},"end":{"line":2,"column":35}},"locations":[{"start":{"line":2,"column":19},"end":{"line":2,"column":35}}]},"2":{"type":"branch","line":2,"loc":{"start":{"line":2,"column":26},"end":{"line":4,"column":2}},"locations":[{"start":{"line":2,"column":26},"end":{"line":4,"column":2}}]},"3":{"type":"branch","line":6,"loc":{"start":{"line":6,"column":29},"end":{"line":11,"column":2}},"locations":[{"start":{"line":6,"column":29},"end":{"line":11,"column":2}}]},"4":{"type":"branch","line":7,"loc":{"start":{"line":7,"column":19},"end":{"line":7,"column":43}},"locations":[{"start":{"line":7,"column":19},"end":{"line":7,"column":43}}]},"5":{"type":"branch","line":7,"loc":{"start":{"line":7,"column":43},"end":{"line":8,"column":25}},"locations":[{"start":{"line":7,"column":43},"end":{"line":8,"column":25}}]},"6":{"type":"branch","line":7,"loc":{"start":{"line":7,"column":50},"end":{"line":8,"column":25}},"locations":[{"start":{"line":7,"column":50},"end":{"line":8,"column":25}}]},"7":{"type":"branch","line":8,"loc":{"start":{"line":8,"column":21},"end":{"line":9,"column":42}},"locations":[{"start":{"line":8,"column":21},"end":{"line":9,"column":42}}]},"8":{"type":"branch","line":9,"loc":{"start":{"line":9,"column":37},"end":{"line":10,"column":22}},"locations":[{"start":{"line":9,"column":37},"end":{"line":10,"column":22}}]},"9":{"type":"branch","line":13,"loc":{"start":{"line":13,"column":27},"end":{"line":18,"column":2}},"locations":[{"start":{"line":13,"column":27},"end":{"line":18,"column":2}}]},"10":{"type":"branch","line":14,"loc":{"start":{"line":14,"column":34},"end":{"line":16,"column":3}},"locations":[{"start":{"line":14,"column":34},"end":{"line":16,"column":3}}]},"11":{"type":"branch","line":16,"loc":{"start":{"line":16,"column":2},"end":{"line":18,"column":2}},"locations":[{"start":{"line":16,"column":2},"end":{"line":18,"column":2}}]},"12":{"type":"branch","line":20,"loc":{"start":{"line":20,"column":25},"end":{"line":23,"column":2}},"locations":[{"start":{"line":20,"column":25},"end":{"line":23,"column":2}}]}},"b":{"0":[64],"1":[12],"2":[52],"3":[16],"4":[14],"5":[10],"6":[6],"7":[2],"8":[4],"9":[80],"10":[16],"11":[64],"12":[80]},"fnMap":{"0":{"name":"parseMoney","decl":{"start":{"line":1,"column":26},"end":{"line":4,"column":2}},"loc":{"start":{"line":1,"column":26},"end":{"line":4,"column":2}},"line":1},"1":{"name":"parseDistance","decl":{"start":{"line":6,"column":29},"end":{"line":11,"column":2}},"loc":{"start":{"line":6,"column":29},"end":{"line":11,"column":2}},"line":6},"2":{"name":"formatValue","decl":{"start":{"line":13,"column":27},"end":{"line":18,"column":2}},"loc":{"start":{"line":13,"column":27},"end":{"line":18,"column":2}},"line":13},"3":{"name":"parseName","decl":{"start":{"line":20,"column":25},"end":{"line":23,"column":2}},"loc":{"start":{"line":20,"column":25},"end":{"line":23,"column":2}},"line":20}},"f":{"0":64,"1":16,"2":80,"3":80}}
,"/Users/reijjo/workspace/frontend/projects/Wolt2025/src/utils/index.ts": {"path":"/Users/reijjo/workspace/frontend/projects/Wolt2025/src/utils/index.ts","all":false,"statementMap":{"0":{"start":{"line":1,"column":0},"end":{"line":1,"column":27}},"1":{"start":{"line":2,"column":0},"end":{"line":2,"column":34}},"2":{"start":{"line":3,"column":0},"end":{"line":3,"column":24}}},"s":{"0":1,"1":1,"2":1},"branchMap":{},"b":{},"fnMap":{},"f":{}}
,"/Users/reijjo/workspace/frontend/projects/Wolt2025/src/utils/types.ts": {"path":"/Users/reijjo/workspace/frontend/projects/Wolt2025/src/utils/types.ts","all":false,"statementMap":{},"s":{},"branchMap":{},"b":{},"fnMap":{},"f":{}}
}
